[2022-06-04 02:40:07,652] multiqc                                            [DEBUG  ]  This is MultiQC v1.12
[2022-06-04 02:40:07,652] multiqc                                            [DEBUG  ]  No MultiQC config found: /usr/lib/python3.8/site-packages/multiqc_config.yaml
[2022-06-04 02:40:07,652] multiqc                                            [DEBUG  ]  No MultiQC config found: /home/azureuser/mnt_back/eric/.multiqc_config.yaml
[2022-06-04 02:40:07,652] multiqc                                            [DEBUG  ]  No MultiQC config found: multiqc_config.yaml
[2022-06-04 02:40:07,653] multiqc                                            [DEBUG  ]  Command used: /usr/bin/multiqc -f -n reports/multiqc/pre_alignment/PanelB/multiqc_report.html reports/fastqc/pre_alignment/PanelB/
[2022-06-04 02:40:09,706] multiqc                                            [DEBUG  ]  Latest MultiQC version is v1.12
[2022-06-04 02:40:09,707] multiqc                                            [DEBUG  ]  Command     : /usr/bin/multiqc -f -n reports/multiqc/pre_alignment/PanelB/multiqc_report.html reports/fastqc/pre_alignment/PanelB/
[2022-06-04 02:40:09,707] multiqc                                            [DEBUG  ]  Working dir : /home/azureuser/mnt_back/eric
[2022-06-04 02:40:09,707] multiqc                                            [DEBUG  ]  Template    : default
[2022-06-04 02:40:09,707] multiqc                                            [DEBUG  ]  Running Python 3.8.1 (default, Dec 26 2019, 14:42:08)  [GCC 9.2.0]
[2022-06-04 02:40:09,707] multiqc                                            [DEBUG  ]  Analysing modules: custom_content, ccs, ngsderive, purple, conpair, lima, peddy, somalier, methylQA, mosdepth, phantompeakqualtools, qualimap, preseq, quast, qorts, rna_seqc, rockhopper, rsem, rseqc, busco, bustools, goleft_indexcov, gffcompare, disambiguate, supernova, deeptools, sargasso, verifybamid, mirtrace, happy, mirtop, sambamba, homer, hops, macs2, theta2, snpeff, gatk, htseq, bcftools, featureCounts, fgbio, dragen, dedup, pbmarkdup, damageprofiler, biobambam2, jcvi, mtnucratio, picard, vep, sentieon, prokka, qc3C, nanostat, samblaster, samtools, sexdeterrmine, eigenstratdatabasetools, bamtools, jellyfish, vcftools, longranger, stacks, varscan2, snippy, bbmap, bismark, biscuit, hicexplorer, hicup, hicpro, salmon, kallisto, slamdunk, star, hisat2, tophat, bowtie2, bowtie1, snpsplit, odgi, pangolin, kat, leehom, adapterRemoval, clipandmerge, cutadapt, flexbar, kaiju, kraken, malt, trimmomatic, sickle, skewer, sortmerna, biobloomtools, fastq_screen, afterqc, fastp, fastqc, pychopper, pycoqc, minionqc, multivcfanalyzer, clusterflow, checkqc, bcl2fastq, bclconvert, interop, ivar, flash, seqyclean, optitype, whatshap
[2022-06-04 02:40:09,707] multiqc                                            [DEBUG  ]  Using temporary directory for creating report: /tmp/tmp_conehgt
[2022-06-04 02:40:09,816] multiqc                                            [INFO   ]  Search path : /home/azureuser/mnt_back/eric/reports/fastqc/pre_alignment/PanelB
[2022-06-04 02:40:09,850] multiqc                                            [DEBUG  ]  File ignored by ccs/v4 because it exceeded search pattern filesize limit: PanelB_LAB2_LIB3_R1_fastqc.html
[2022-06-04 02:40:09,851] multiqc                                            [DEBUG  ]  File ignored by hicexplorer because it exceeded search pattern filesize limit: PanelB_LAB2_LIB3_R1_fastqc.html
[2022-06-04 02:40:09,851] multiqc                                            [DEBUG  ]  File ignored by lima/summary because it exceeded search pattern filesize limit: PanelB_LAB2_LIB3_R1_fastqc.html
[2022-06-04 02:40:09,854] multiqc                                            [DEBUG  ]  File ignored by vep/vep_txt because it exceeded search pattern filesize limit: PanelB_LAB2_LIB3_R1_fastqc.html
[2022-06-04 02:40:09,854] multiqc                                            [DEBUG  ]  File ignored by longranger/invocation because it exceeded search pattern filesize limit: PanelB_LAB2_LIB3_R1_fastqc.html
[2022-06-04 02:40:09,854] multiqc                                            [DEBUG  ]  File ignored by rockhopper because it exceeded search pattern filesize limit: PanelB_LAB2_LIB3_R1_fastqc.html
[2022-06-04 02:40:09,854] multiqc                                            [DEBUG  ]  File ignored by rseqc/bam_stat because it exceeded search pattern filesize limit: PanelB_LAB2_LIB3_R1_fastqc.html
[2022-06-04 02:40:09,854] multiqc                                            [DEBUG  ]  File ignored by rseqc/junction_annotation because it exceeded search pattern filesize limit: PanelB_LAB2_LIB3_R1_fastqc.html
[2022-06-04 02:40:09,854] multiqc                                            [DEBUG  ]  File ignored by rseqc/read_distribution because it exceeded search pattern filesize limit: PanelB_LAB2_LIB3_R1_fastqc.html
[2022-06-04 02:40:09,855] multiqc                                            [DEBUG  ]  File ignored by rseqc/infer_experiment because it exceeded search pattern filesize limit: PanelB_LAB2_LIB3_R1_fastqc.html
[2022-06-04 02:40:09,922] multiqc                                            [DEBUG  ]  File ignored by nanostat because it exceeded search pattern filesize limit: PanelB_LAB2_LIB3_R1_fastqc.html
[2022-06-04 02:40:09,936] multiqc                                            [DEBUG  ]  File ignored by ccs/v4 because it exceeded search pattern filesize limit: PanelB_LAB1_LIB3_R1_fastqc.html
[2022-06-04 02:40:09,937] multiqc                                            [DEBUG  ]  File ignored by hicexplorer because it exceeded search pattern filesize limit: PanelB_LAB1_LIB3_R1_fastqc.html
[2022-06-04 02:40:09,937] multiqc                                            [DEBUG  ]  File ignored by lima/summary because it exceeded search pattern filesize limit: PanelB_LAB1_LIB3_R1_fastqc.html
[2022-06-04 02:40:09,939] multiqc                                            [DEBUG  ]  File ignored by vep/vep_txt because it exceeded search pattern filesize limit: PanelB_LAB1_LIB3_R1_fastqc.html
[2022-06-04 02:40:09,939] multiqc                                            [DEBUG  ]  File ignored by longranger/invocation because it exceeded search pattern filesize limit: PanelB_LAB1_LIB3_R1_fastqc.html
[2022-06-04 02:40:09,939] multiqc                                            [DEBUG  ]  File ignored by rockhopper because it exceeded search pattern filesize limit: PanelB_LAB1_LIB3_R1_fastqc.html
[2022-06-04 02:40:09,939] multiqc                                            [DEBUG  ]  File ignored by rseqc/bam_stat because it exceeded search pattern filesize limit: PanelB_LAB1_LIB3_R1_fastqc.html
[2022-06-04 02:40:09,939] multiqc                                            [DEBUG  ]  File ignored by rseqc/junction_annotation because it exceeded search pattern filesize limit: PanelB_LAB1_LIB3_R1_fastqc.html
[2022-06-04 02:40:09,939] multiqc                                            [DEBUG  ]  File ignored by rseqc/read_distribution because it exceeded search pattern filesize limit: PanelB_LAB1_LIB3_R1_fastqc.html
[2022-06-04 02:40:09,939] multiqc                                            [DEBUG  ]  File ignored by rseqc/infer_experiment because it exceeded search pattern filesize limit: PanelB_LAB1_LIB3_R1_fastqc.html
[2022-06-04 02:40:10,005] multiqc                                            [DEBUG  ]  File ignored by nanostat because it exceeded search pattern filesize limit: PanelB_LAB1_LIB3_R1_fastqc.html
[2022-06-04 02:40:10,013] multiqc                                            [DEBUG  ]  File ignored by ccs/v4 because it exceeded search pattern filesize limit: PanelB_LAB2_LIB3_R2_fastqc.html
[2022-06-04 02:40:10,014] multiqc                                            [DEBUG  ]  File ignored by hicexplorer because it exceeded search pattern filesize limit: PanelB_LAB2_LIB3_R2_fastqc.html
[2022-06-04 02:40:10,014] multiqc                                            [DEBUG  ]  File ignored by lima/summary because it exceeded search pattern filesize limit: PanelB_LAB2_LIB3_R2_fastqc.html
[2022-06-04 02:40:10,016] multiqc                                            [DEBUG  ]  File ignored by vep/vep_txt because it exceeded search pattern filesize limit: PanelB_LAB2_LIB3_R2_fastqc.html
[2022-06-04 02:40:10,016] multiqc                                            [DEBUG  ]  File ignored by longranger/invocation because it exceeded search pattern filesize limit: PanelB_LAB2_LIB3_R2_fastqc.html
[2022-06-04 02:40:10,016] multiqc                                            [DEBUG  ]  File ignored by rockhopper because it exceeded search pattern filesize limit: PanelB_LAB2_LIB3_R2_fastqc.html
[2022-06-04 02:40:10,016] multiqc                                            [DEBUG  ]  File ignored by rseqc/bam_stat because it exceeded search pattern filesize limit: PanelB_LAB2_LIB3_R2_fastqc.html
[2022-06-04 02:40:10,016] multiqc                                            [DEBUG  ]  File ignored by rseqc/junction_annotation because it exceeded search pattern filesize limit: PanelB_LAB2_LIB3_R2_fastqc.html
[2022-06-04 02:40:10,016] multiqc                                            [DEBUG  ]  File ignored by rseqc/read_distribution because it exceeded search pattern filesize limit: PanelB_LAB2_LIB3_R2_fastqc.html
[2022-06-04 02:40:10,017] multiqc                                            [DEBUG  ]  File ignored by rseqc/infer_experiment because it exceeded search pattern filesize limit: PanelB_LAB2_LIB3_R2_fastqc.html
[2022-06-04 02:40:10,087] multiqc                                            [DEBUG  ]  File ignored by nanostat because it exceeded search pattern filesize limit: PanelB_LAB2_LIB3_R2_fastqc.html
[2022-06-04 02:40:10,095] multiqc                                            [DEBUG  ]  File ignored by ccs/v4 because it exceeded search pattern filesize limit: PanelB_LAB1_LIB3_R2_fastqc.html
[2022-06-04 02:40:10,096] multiqc                                            [DEBUG  ]  File ignored by hicexplorer because it exceeded search pattern filesize limit: PanelB_LAB1_LIB3_R2_fastqc.html
[2022-06-04 02:40:10,096] multiqc                                            [DEBUG  ]  File ignored by lima/summary because it exceeded search pattern filesize limit: PanelB_LAB1_LIB3_R2_fastqc.html
[2022-06-04 02:40:10,098] multiqc                                            [DEBUG  ]  File ignored by vep/vep_txt because it exceeded search pattern filesize limit: PanelB_LAB1_LIB3_R2_fastqc.html
[2022-06-04 02:40:10,098] multiqc                                            [DEBUG  ]  File ignored by longranger/invocation because it exceeded search pattern filesize limit: PanelB_LAB1_LIB3_R2_fastqc.html
[2022-06-04 02:40:10,098] multiqc                                            [DEBUG  ]  File ignored by rockhopper because it exceeded search pattern filesize limit: PanelB_LAB1_LIB3_R2_fastqc.html
[2022-06-04 02:40:10,098] multiqc                                            [DEBUG  ]  File ignored by rseqc/bam_stat because it exceeded search pattern filesize limit: PanelB_LAB1_LIB3_R2_fastqc.html
[2022-06-04 02:40:10,098] multiqc                                            [DEBUG  ]  File ignored by rseqc/junction_annotation because it exceeded search pattern filesize limit: PanelB_LAB1_LIB3_R2_fastqc.html
[2022-06-04 02:40:10,098] multiqc                                            [DEBUG  ]  File ignored by rseqc/read_distribution because it exceeded search pattern filesize limit: PanelB_LAB1_LIB3_R2_fastqc.html
[2022-06-04 02:40:10,098] multiqc                                            [DEBUG  ]  File ignored by rseqc/infer_experiment because it exceeded search pattern filesize limit: PanelB_LAB1_LIB3_R2_fastqc.html
[2022-06-04 02:40:10,168] multiqc                                            [DEBUG  ]  File ignored by nanostat because it exceeded search pattern filesize limit: PanelB_LAB1_LIB3_R2_fastqc.html
[2022-06-04 02:40:10,176] multiqc                                            [DEBUG  ]  File ignored by ccs/v4 because it exceeded search pattern filesize limit: PanelB_LAB2_LIB4_R2_fastqc.html
[2022-06-04 02:40:10,177] multiqc                                            [DEBUG  ]  File ignored by hicexplorer because it exceeded search pattern filesize limit: PanelB_LAB2_LIB4_R2_fastqc.html
[2022-06-04 02:40:10,177] multiqc                                            [DEBUG  ]  File ignored by lima/summary because it exceeded search pattern filesize limit: PanelB_LAB2_LIB4_R2_fastqc.html
[2022-06-04 02:40:10,179] multiqc                                            [DEBUG  ]  File ignored by vep/vep_txt because it exceeded search pattern filesize limit: PanelB_LAB2_LIB4_R2_fastqc.html
[2022-06-04 02:40:10,179] multiqc                                            [DEBUG  ]  File ignored by longranger/invocation because it exceeded search pattern filesize limit: PanelB_LAB2_LIB4_R2_fastqc.html
[2022-06-04 02:40:10,179] multiqc                                            [DEBUG  ]  File ignored by rockhopper because it exceeded search pattern filesize limit: PanelB_LAB2_LIB4_R2_fastqc.html
[2022-06-04 02:40:10,179] multiqc                                            [DEBUG  ]  File ignored by rseqc/bam_stat because it exceeded search pattern filesize limit: PanelB_LAB2_LIB4_R2_fastqc.html
[2022-06-04 02:40:10,180] multiqc                                            [DEBUG  ]  File ignored by rseqc/junction_annotation because it exceeded search pattern filesize limit: PanelB_LAB2_LIB4_R2_fastqc.html
[2022-06-04 02:40:10,180] multiqc                                            [DEBUG  ]  File ignored by rseqc/read_distribution because it exceeded search pattern filesize limit: PanelB_LAB2_LIB4_R2_fastqc.html
[2022-06-04 02:40:10,180] multiqc                                            [DEBUG  ]  File ignored by rseqc/infer_experiment because it exceeded search pattern filesize limit: PanelB_LAB2_LIB4_R2_fastqc.html
[2022-06-04 02:40:10,249] multiqc                                            [DEBUG  ]  File ignored by nanostat because it exceeded search pattern filesize limit: PanelB_LAB2_LIB4_R2_fastqc.html
[2022-06-04 02:40:10,257] multiqc                                            [DEBUG  ]  File ignored by ccs/v4 because it exceeded search pattern filesize limit: PanelB_LAB2_LIB4_R1_fastqc.html
[2022-06-04 02:40:10,258] multiqc                                            [DEBUG  ]  File ignored by hicexplorer because it exceeded search pattern filesize limit: PanelB_LAB2_LIB4_R1_fastqc.html
[2022-06-04 02:40:10,258] multiqc                                            [DEBUG  ]  File ignored by lima/summary because it exceeded search pattern filesize limit: PanelB_LAB2_LIB4_R1_fastqc.html
[2022-06-04 02:40:10,260] multiqc                                            [DEBUG  ]  File ignored by vep/vep_txt because it exceeded search pattern filesize limit: PanelB_LAB2_LIB4_R1_fastqc.html
[2022-06-04 02:40:10,260] multiqc                                            [DEBUG  ]  File ignored by longranger/invocation because it exceeded search pattern filesize limit: PanelB_LAB2_LIB4_R1_fastqc.html
[2022-06-04 02:40:10,260] multiqc                                            [DEBUG  ]  File ignored by rockhopper because it exceeded search pattern filesize limit: PanelB_LAB2_LIB4_R1_fastqc.html
[2022-06-04 02:40:10,260] multiqc                                            [DEBUG  ]  File ignored by rseqc/bam_stat because it exceeded search pattern filesize limit: PanelB_LAB2_LIB4_R1_fastqc.html
[2022-06-04 02:40:10,260] multiqc                                            [DEBUG  ]  File ignored by rseqc/junction_annotation because it exceeded search pattern filesize limit: PanelB_LAB2_LIB4_R1_fastqc.html
[2022-06-04 02:40:10,260] multiqc                                            [DEBUG  ]  File ignored by rseqc/read_distribution because it exceeded search pattern filesize limit: PanelB_LAB2_LIB4_R1_fastqc.html
[2022-06-04 02:40:10,260] multiqc                                            [DEBUG  ]  File ignored by rseqc/infer_experiment because it exceeded search pattern filesize limit: PanelB_LAB2_LIB4_R1_fastqc.html
[2022-06-04 02:40:10,326] multiqc                                            [DEBUG  ]  File ignored by nanostat because it exceeded search pattern filesize limit: PanelB_LAB2_LIB4_R1_fastqc.html
[2022-06-04 02:40:10,334] multiqc                                            [DEBUG  ]  File ignored by ccs/v4 because it exceeded search pattern filesize limit: PanelB_LAB1_LIB1_R1_fastqc.html
[2022-06-04 02:40:10,335] multiqc                                            [DEBUG  ]  File ignored by hicexplorer because it exceeded search pattern filesize limit: PanelB_LAB1_LIB1_R1_fastqc.html
[2022-06-04 02:40:10,335] multiqc                                            [DEBUG  ]  File ignored by lima/summary because it exceeded search pattern filesize limit: PanelB_LAB1_LIB1_R1_fastqc.html
[2022-06-04 02:40:10,337] multiqc                                            [DEBUG  ]  File ignored by vep/vep_txt because it exceeded search pattern filesize limit: PanelB_LAB1_LIB1_R1_fastqc.html
[2022-06-04 02:40:10,337] multiqc                                            [DEBUG  ]  File ignored by longranger/invocation because it exceeded search pattern filesize limit: PanelB_LAB1_LIB1_R1_fastqc.html
[2022-06-04 02:40:10,337] multiqc                                            [DEBUG  ]  File ignored by rockhopper because it exceeded search pattern filesize limit: PanelB_LAB1_LIB1_R1_fastqc.html
[2022-06-04 02:40:10,337] multiqc                                            [DEBUG  ]  File ignored by rseqc/bam_stat because it exceeded search pattern filesize limit: PanelB_LAB1_LIB1_R1_fastqc.html
[2022-06-04 02:40:10,337] multiqc                                            [DEBUG  ]  File ignored by rseqc/junction_annotation because it exceeded search pattern filesize limit: PanelB_LAB1_LIB1_R1_fastqc.html
[2022-06-04 02:40:10,337] multiqc                                            [DEBUG  ]  File ignored by rseqc/read_distribution because it exceeded search pattern filesize limit: PanelB_LAB1_LIB1_R1_fastqc.html
[2022-06-04 02:40:10,337] multiqc                                            [DEBUG  ]  File ignored by rseqc/infer_experiment because it exceeded search pattern filesize limit: PanelB_LAB1_LIB1_R1_fastqc.html
[2022-06-04 02:40:10,406] multiqc                                            [DEBUG  ]  File ignored by nanostat because it exceeded search pattern filesize limit: PanelB_LAB1_LIB1_R1_fastqc.html
[2022-06-04 02:40:10,414] multiqc                                            [DEBUG  ]  File ignored by ccs/v4 because it exceeded search pattern filesize limit: PanelB_LAB1_LIB1_R2_fastqc.html
[2022-06-04 02:40:10,415] multiqc                                            [DEBUG  ]  File ignored by hicexplorer because it exceeded search pattern filesize limit: PanelB_LAB1_LIB1_R2_fastqc.html
[2022-06-04 02:40:10,415] multiqc                                            [DEBUG  ]  File ignored by lima/summary because it exceeded search pattern filesize limit: PanelB_LAB1_LIB1_R2_fastqc.html
[2022-06-04 02:40:10,417] multiqc                                            [DEBUG  ]  File ignored by vep/vep_txt because it exceeded search pattern filesize limit: PanelB_LAB1_LIB1_R2_fastqc.html
[2022-06-04 02:40:10,417] multiqc                                            [DEBUG  ]  File ignored by longranger/invocation because it exceeded search pattern filesize limit: PanelB_LAB1_LIB1_R2_fastqc.html
[2022-06-04 02:40:10,417] multiqc                                            [DEBUG  ]  File ignored by rockhopper because it exceeded search pattern filesize limit: PanelB_LAB1_LIB1_R2_fastqc.html
[2022-06-04 02:40:10,418] multiqc                                            [DEBUG  ]  File ignored by rseqc/bam_stat because it exceeded search pattern filesize limit: PanelB_LAB1_LIB1_R2_fastqc.html
[2022-06-04 02:40:10,418] multiqc                                            [DEBUG  ]  File ignored by rseqc/junction_annotation because it exceeded search pattern filesize limit: PanelB_LAB1_LIB1_R2_fastqc.html
[2022-06-04 02:40:10,418] multiqc                                            [DEBUG  ]  File ignored by rseqc/read_distribution because it exceeded search pattern filesize limit: PanelB_LAB1_LIB1_R2_fastqc.html
[2022-06-04 02:40:10,418] multiqc                                            [DEBUG  ]  File ignored by rseqc/infer_experiment because it exceeded search pattern filesize limit: PanelB_LAB1_LIB1_R2_fastqc.html
[2022-06-04 02:40:10,487] multiqc                                            [DEBUG  ]  File ignored by nanostat because it exceeded search pattern filesize limit: PanelB_LAB1_LIB1_R2_fastqc.html
[2022-06-04 02:40:10,495] multiqc                                            [DEBUG  ]  File ignored by ccs/v4 because it exceeded search pattern filesize limit: PanelB_LAB2_LIB2_R1_fastqc.html
[2022-06-04 02:40:10,496] multiqc                                            [DEBUG  ]  File ignored by hicexplorer because it exceeded search pattern filesize limit: PanelB_LAB2_LIB2_R1_fastqc.html
[2022-06-04 02:40:10,496] multiqc                                            [DEBUG  ]  File ignored by lima/summary because it exceeded search pattern filesize limit: PanelB_LAB2_LIB2_R1_fastqc.html
[2022-06-04 02:40:10,498] multiqc                                            [DEBUG  ]  File ignored by vep/vep_txt because it exceeded search pattern filesize limit: PanelB_LAB2_LIB2_R1_fastqc.html
[2022-06-04 02:40:10,498] multiqc                                            [DEBUG  ]  File ignored by longranger/invocation because it exceeded search pattern filesize limit: PanelB_LAB2_LIB2_R1_fastqc.html
[2022-06-04 02:40:10,498] multiqc                                            [DEBUG  ]  File ignored by rockhopper because it exceeded search pattern filesize limit: PanelB_LAB2_LIB2_R1_fastqc.html
[2022-06-04 02:40:10,498] multiqc                                            [DEBUG  ]  File ignored by rseqc/bam_stat because it exceeded search pattern filesize limit: PanelB_LAB2_LIB2_R1_fastqc.html
[2022-06-04 02:40:10,498] multiqc                                            [DEBUG  ]  File ignored by rseqc/junction_annotation because it exceeded search pattern filesize limit: PanelB_LAB2_LIB2_R1_fastqc.html
[2022-06-04 02:40:10,498] multiqc                                            [DEBUG  ]  File ignored by rseqc/read_distribution because it exceeded search pattern filesize limit: PanelB_LAB2_LIB2_R1_fastqc.html
[2022-06-04 02:40:10,498] multiqc                                            [DEBUG  ]  File ignored by rseqc/infer_experiment because it exceeded search pattern filesize limit: PanelB_LAB2_LIB2_R1_fastqc.html
[2022-06-04 02:40:10,567] multiqc                                            [DEBUG  ]  File ignored by nanostat because it exceeded search pattern filesize limit: PanelB_LAB2_LIB2_R1_fastqc.html
[2022-06-04 02:40:10,575] multiqc                                            [DEBUG  ]  File ignored by ccs/v4 because it exceeded search pattern filesize limit: PanelB_LAB2_LIB1_R1_fastqc.html
[2022-06-04 02:40:10,576] multiqc                                            [DEBUG  ]  File ignored by hicexplorer because it exceeded search pattern filesize limit: PanelB_LAB2_LIB1_R1_fastqc.html
[2022-06-04 02:40:10,576] multiqc                                            [DEBUG  ]  File ignored by lima/summary because it exceeded search pattern filesize limit: PanelB_LAB2_LIB1_R1_fastqc.html
[2022-06-04 02:40:10,578] multiqc                                            [DEBUG  ]  File ignored by vep/vep_txt because it exceeded search pattern filesize limit: PanelB_LAB2_LIB1_R1_fastqc.html
[2022-06-04 02:40:10,578] multiqc                                            [DEBUG  ]  File ignored by longranger/invocation because it exceeded search pattern filesize limit: PanelB_LAB2_LIB1_R1_fastqc.html
[2022-06-04 02:40:10,578] multiqc                                            [DEBUG  ]  File ignored by rockhopper because it exceeded search pattern filesize limit: PanelB_LAB2_LIB1_R1_fastqc.html
[2022-06-04 02:40:10,578] multiqc                                            [DEBUG  ]  File ignored by rseqc/bam_stat because it exceeded search pattern filesize limit: PanelB_LAB2_LIB1_R1_fastqc.html
[2022-06-04 02:40:10,578] multiqc                                            [DEBUG  ]  File ignored by rseqc/junction_annotation because it exceeded search pattern filesize limit: PanelB_LAB2_LIB1_R1_fastqc.html
[2022-06-04 02:40:10,579] multiqc                                            [DEBUG  ]  File ignored by rseqc/read_distribution because it exceeded search pattern filesize limit: PanelB_LAB2_LIB1_R1_fastqc.html
[2022-06-04 02:40:10,579] multiqc                                            [DEBUG  ]  File ignored by rseqc/infer_experiment because it exceeded search pattern filesize limit: PanelB_LAB2_LIB1_R1_fastqc.html
[2022-06-04 02:40:10,645] multiqc                                            [DEBUG  ]  File ignored by nanostat because it exceeded search pattern filesize limit: PanelB_LAB2_LIB1_R1_fastqc.html
[2022-06-04 02:40:10,653] multiqc                                            [DEBUG  ]  File ignored by ccs/v4 because it exceeded search pattern filesize limit: PanelB_LAB2_LIB2_R2_fastqc.html
[2022-06-04 02:40:10,654] multiqc                                            [DEBUG  ]  File ignored by hicexplorer because it exceeded search pattern filesize limit: PanelB_LAB2_LIB2_R2_fastqc.html
[2022-06-04 02:40:10,654] multiqc                                            [DEBUG  ]  File ignored by lima/summary because it exceeded search pattern filesize limit: PanelB_LAB2_LIB2_R2_fastqc.html
[2022-06-04 02:40:10,658] multiqc                                            [DEBUG  ]  File ignored by vep/vep_txt because it exceeded search pattern filesize limit: PanelB_LAB2_LIB2_R2_fastqc.html
[2022-06-04 02:40:10,659] multiqc                                            [DEBUG  ]  File ignored by longranger/invocation because it exceeded search pattern filesize limit: PanelB_LAB2_LIB2_R2_fastqc.html
[2022-06-04 02:40:10,659] multiqc                                            [DEBUG  ]  File ignored by rockhopper because it exceeded search pattern filesize limit: PanelB_LAB2_LIB2_R2_fastqc.html
[2022-06-04 02:40:10,659] multiqc                                            [DEBUG  ]  File ignored by rseqc/bam_stat because it exceeded search pattern filesize limit: PanelB_LAB2_LIB2_R2_fastqc.html
[2022-06-04 02:40:10,659] multiqc                                            [DEBUG  ]  File ignored by rseqc/junction_annotation because it exceeded search pattern filesize limit: PanelB_LAB2_LIB2_R2_fastqc.html
[2022-06-04 02:40:10,659] multiqc                                            [DEBUG  ]  File ignored by rseqc/read_distribution because it exceeded search pattern filesize limit: PanelB_LAB2_LIB2_R2_fastqc.html
[2022-06-04 02:40:10,659] multiqc                                            [DEBUG  ]  File ignored by rseqc/infer_experiment because it exceeded search pattern filesize limit: PanelB_LAB2_LIB2_R2_fastqc.html
[2022-06-04 02:40:10,725] multiqc                                            [DEBUG  ]  File ignored by nanostat because it exceeded search pattern filesize limit: PanelB_LAB2_LIB2_R2_fastqc.html
[2022-06-04 02:40:10,733] multiqc                                            [DEBUG  ]  File ignored by ccs/v4 because it exceeded search pattern filesize limit: PanelB_LAB2_LIB1_R2_fastqc.html
[2022-06-04 02:40:10,734] multiqc                                            [DEBUG  ]  File ignored by hicexplorer because it exceeded search pattern filesize limit: PanelB_LAB2_LIB1_R2_fastqc.html
[2022-06-04 02:40:10,734] multiqc                                            [DEBUG  ]  File ignored by lima/summary because it exceeded search pattern filesize limit: PanelB_LAB2_LIB1_R2_fastqc.html
[2022-06-04 02:40:10,736] multiqc                                            [DEBUG  ]  File ignored by vep/vep_txt because it exceeded search pattern filesize limit: PanelB_LAB2_LIB1_R2_fastqc.html
[2022-06-04 02:40:10,736] multiqc                                            [DEBUG  ]  File ignored by longranger/invocation because it exceeded search pattern filesize limit: PanelB_LAB2_LIB1_R2_fastqc.html
[2022-06-04 02:40:10,736] multiqc                                            [DEBUG  ]  File ignored by rockhopper because it exceeded search pattern filesize limit: PanelB_LAB2_LIB1_R2_fastqc.html
[2022-06-04 02:40:10,736] multiqc                                            [DEBUG  ]  File ignored by rseqc/bam_stat because it exceeded search pattern filesize limit: PanelB_LAB2_LIB1_R2_fastqc.html
[2022-06-04 02:40:10,736] multiqc                                            [DEBUG  ]  File ignored by rseqc/junction_annotation because it exceeded search pattern filesize limit: PanelB_LAB2_LIB1_R2_fastqc.html
[2022-06-04 02:40:10,736] multiqc                                            [DEBUG  ]  File ignored by rseqc/read_distribution because it exceeded search pattern filesize limit: PanelB_LAB2_LIB1_R2_fastqc.html
[2022-06-04 02:40:10,736] multiqc                                            [DEBUG  ]  File ignored by rseqc/infer_experiment because it exceeded search pattern filesize limit: PanelB_LAB2_LIB1_R2_fastqc.html
[2022-06-04 02:40:10,806] multiqc                                            [DEBUG  ]  File ignored by nanostat because it exceeded search pattern filesize limit: PanelB_LAB2_LIB1_R2_fastqc.html
[2022-06-04 02:40:10,814] multiqc                                            [DEBUG  ]  File ignored by ccs/v4 because it exceeded search pattern filesize limit: PanelB_LAB1_LIB2_R1_fastqc.html
[2022-06-04 02:40:10,815] multiqc                                            [DEBUG  ]  File ignored by hicexplorer because it exceeded search pattern filesize limit: PanelB_LAB1_LIB2_R1_fastqc.html
[2022-06-04 02:40:10,815] multiqc                                            [DEBUG  ]  File ignored by lima/summary because it exceeded search pattern filesize limit: PanelB_LAB1_LIB2_R1_fastqc.html
[2022-06-04 02:40:10,817] multiqc                                            [DEBUG  ]  File ignored by vep/vep_txt because it exceeded search pattern filesize limit: PanelB_LAB1_LIB2_R1_fastqc.html
[2022-06-04 02:40:10,817] multiqc                                            [DEBUG  ]  File ignored by longranger/invocation because it exceeded search pattern filesize limit: PanelB_LAB1_LIB2_R1_fastqc.html
[2022-06-04 02:40:10,817] multiqc                                            [DEBUG  ]  File ignored by rockhopper because it exceeded search pattern filesize limit: PanelB_LAB1_LIB2_R1_fastqc.html
[2022-06-04 02:40:10,817] multiqc                                            [DEBUG  ]  File ignored by rseqc/bam_stat because it exceeded search pattern filesize limit: PanelB_LAB1_LIB2_R1_fastqc.html
[2022-06-04 02:40:10,818] multiqc                                            [DEBUG  ]  File ignored by rseqc/junction_annotation because it exceeded search pattern filesize limit: PanelB_LAB1_LIB2_R1_fastqc.html
[2022-06-04 02:40:10,818] multiqc                                            [DEBUG  ]  File ignored by rseqc/read_distribution because it exceeded search pattern filesize limit: PanelB_LAB1_LIB2_R1_fastqc.html
[2022-06-04 02:40:10,818] multiqc                                            [DEBUG  ]  File ignored by rseqc/infer_experiment because it exceeded search pattern filesize limit: PanelB_LAB1_LIB2_R1_fastqc.html
[2022-06-04 02:40:10,887] multiqc                                            [DEBUG  ]  File ignored by nanostat because it exceeded search pattern filesize limit: PanelB_LAB1_LIB2_R1_fastqc.html
[2022-06-04 02:40:10,896] multiqc                                            [DEBUG  ]  File ignored by ccs/v4 because it exceeded search pattern filesize limit: PanelB_LAB1_LIB2_R2_fastqc.html
[2022-06-04 02:40:10,896] multiqc                                            [DEBUG  ]  File ignored by hicexplorer because it exceeded search pattern filesize limit: PanelB_LAB1_LIB2_R2_fastqc.html
[2022-06-04 02:40:10,897] multiqc                                            [DEBUG  ]  File ignored by lima/summary because it exceeded search pattern filesize limit: PanelB_LAB1_LIB2_R2_fastqc.html
[2022-06-04 02:40:10,898] multiqc                                            [DEBUG  ]  File ignored by vep/vep_txt because it exceeded search pattern filesize limit: PanelB_LAB1_LIB2_R2_fastqc.html
[2022-06-04 02:40:10,899] multiqc                                            [DEBUG  ]  File ignored by longranger/invocation because it exceeded search pattern filesize limit: PanelB_LAB1_LIB2_R2_fastqc.html
[2022-06-04 02:40:10,899] multiqc                                            [DEBUG  ]  File ignored by rockhopper because it exceeded search pattern filesize limit: PanelB_LAB1_LIB2_R2_fastqc.html
[2022-06-04 02:40:10,899] multiqc                                            [DEBUG  ]  File ignored by rseqc/bam_stat because it exceeded search pattern filesize limit: PanelB_LAB1_LIB2_R2_fastqc.html
[2022-06-04 02:40:10,899] multiqc                                            [DEBUG  ]  File ignored by rseqc/junction_annotation because it exceeded search pattern filesize limit: PanelB_LAB1_LIB2_R2_fastqc.html
[2022-06-04 02:40:10,899] multiqc                                            [DEBUG  ]  File ignored by rseqc/read_distribution because it exceeded search pattern filesize limit: PanelB_LAB1_LIB2_R2_fastqc.html
[2022-06-04 02:40:10,899] multiqc                                            [DEBUG  ]  File ignored by rseqc/infer_experiment because it exceeded search pattern filesize limit: PanelB_LAB1_LIB2_R2_fastqc.html
[2022-06-04 02:40:10,966] multiqc                                            [DEBUG  ]  File ignored by nanostat because it exceeded search pattern filesize limit: PanelB_LAB1_LIB2_R2_fastqc.html
[2022-06-04 02:40:10,977] multiqc                                            [DEBUG  ]  File ignored by ccs/v4 because it exceeded search pattern filesize limit: PanelB_LAB1_LIB4_R1_fastqc.html
[2022-06-04 02:40:10,978] multiqc                                            [DEBUG  ]  File ignored by hicexplorer because it exceeded search pattern filesize limit: PanelB_LAB1_LIB4_R1_fastqc.html
[2022-06-04 02:40:10,979] multiqc                                            [DEBUG  ]  File ignored by lima/summary because it exceeded search pattern filesize limit: PanelB_LAB1_LIB4_R1_fastqc.html
[2022-06-04 02:40:10,980] multiqc                                            [DEBUG  ]  File ignored by vep/vep_txt because it exceeded search pattern filesize limit: PanelB_LAB1_LIB4_R1_fastqc.html
[2022-06-04 02:40:10,980] multiqc                                            [DEBUG  ]  File ignored by longranger/invocation because it exceeded search pattern filesize limit: PanelB_LAB1_LIB4_R1_fastqc.html
[2022-06-04 02:40:10,980] multiqc                                            [DEBUG  ]  File ignored by rockhopper because it exceeded search pattern filesize limit: PanelB_LAB1_LIB4_R1_fastqc.html
[2022-06-04 02:40:10,981] multiqc                                            [DEBUG  ]  File ignored by rseqc/bam_stat because it exceeded search pattern filesize limit: PanelB_LAB1_LIB4_R1_fastqc.html
[2022-06-04 02:40:10,981] multiqc                                            [DEBUG  ]  File ignored by rseqc/junction_annotation because it exceeded search pattern filesize limit: PanelB_LAB1_LIB4_R1_fastqc.html
[2022-06-04 02:40:10,981] multiqc                                            [DEBUG  ]  File ignored by rseqc/read_distribution because it exceeded search pattern filesize limit: PanelB_LAB1_LIB4_R1_fastqc.html
[2022-06-04 02:40:10,981] multiqc                                            [DEBUG  ]  File ignored by rseqc/infer_experiment because it exceeded search pattern filesize limit: PanelB_LAB1_LIB4_R1_fastqc.html
[2022-06-04 02:40:11,048] multiqc                                            [DEBUG  ]  File ignored by nanostat because it exceeded search pattern filesize limit: PanelB_LAB1_LIB4_R1_fastqc.html
[2022-06-04 02:40:11,056] multiqc                                            [DEBUG  ]  File ignored by ccs/v4 because it exceeded search pattern filesize limit: PanelB_LAB1_LIB4_R2_fastqc.html
[2022-06-04 02:40:11,057] multiqc                                            [DEBUG  ]  File ignored by hicexplorer because it exceeded search pattern filesize limit: PanelB_LAB1_LIB4_R2_fastqc.html
[2022-06-04 02:40:11,057] multiqc                                            [DEBUG  ]  File ignored by lima/summary because it exceeded search pattern filesize limit: PanelB_LAB1_LIB4_R2_fastqc.html
[2022-06-04 02:40:11,059] multiqc                                            [DEBUG  ]  File ignored by vep/vep_txt because it exceeded search pattern filesize limit: PanelB_LAB1_LIB4_R2_fastqc.html
[2022-06-04 02:40:11,059] multiqc                                            [DEBUG  ]  File ignored by longranger/invocation because it exceeded search pattern filesize limit: PanelB_LAB1_LIB4_R2_fastqc.html
[2022-06-04 02:40:11,059] multiqc                                            [DEBUG  ]  File ignored by rockhopper because it exceeded search pattern filesize limit: PanelB_LAB1_LIB4_R2_fastqc.html
[2022-06-04 02:40:11,059] multiqc                                            [DEBUG  ]  File ignored by rseqc/bam_stat because it exceeded search pattern filesize limit: PanelB_LAB1_LIB4_R2_fastqc.html
[2022-06-04 02:40:11,059] multiqc                                            [DEBUG  ]  File ignored by rseqc/junction_annotation because it exceeded search pattern filesize limit: PanelB_LAB1_LIB4_R2_fastqc.html
[2022-06-04 02:40:11,059] multiqc                                            [DEBUG  ]  File ignored by rseqc/read_distribution because it exceeded search pattern filesize limit: PanelB_LAB1_LIB4_R2_fastqc.html
[2022-06-04 02:40:11,059] multiqc                                            [DEBUG  ]  File ignored by rseqc/infer_experiment because it exceeded search pattern filesize limit: PanelB_LAB1_LIB4_R2_fastqc.html
[2022-06-04 02:40:11,130] multiqc                                            [DEBUG  ]  File ignored by nanostat because it exceeded search pattern filesize limit: PanelB_LAB1_LIB4_R2_fastqc.html
[2022-06-04 02:40:11,138] multiqc                                            [DEBUG  ]  File ignored by ccs/v4 because it exceeded search pattern filesize limit: PanelB_LAB3_LIB4_R1_fastqc.html
[2022-06-04 02:40:11,139] multiqc                                            [DEBUG  ]  File ignored by hicexplorer because it exceeded search pattern filesize limit: PanelB_LAB3_LIB4_R1_fastqc.html
[2022-06-04 02:40:11,139] multiqc                                            [DEBUG  ]  File ignored by lima/summary because it exceeded search pattern filesize limit: PanelB_LAB3_LIB4_R1_fastqc.html
[2022-06-04 02:40:11,141] multiqc                                            [DEBUG  ]  File ignored by vep/vep_txt because it exceeded search pattern filesize limit: PanelB_LAB3_LIB4_R1_fastqc.html
[2022-06-04 02:40:11,141] multiqc                                            [DEBUG  ]  File ignored by longranger/invocation because it exceeded search pattern filesize limit: PanelB_LAB3_LIB4_R1_fastqc.html
[2022-06-04 02:40:11,141] multiqc                                            [DEBUG  ]  File ignored by rockhopper because it exceeded search pattern filesize limit: PanelB_LAB3_LIB4_R1_fastqc.html
[2022-06-04 02:40:11,141] multiqc                                            [DEBUG  ]  File ignored by rseqc/bam_stat because it exceeded search pattern filesize limit: PanelB_LAB3_LIB4_R1_fastqc.html
[2022-06-04 02:40:11,141] multiqc                                            [DEBUG  ]  File ignored by rseqc/junction_annotation because it exceeded search pattern filesize limit: PanelB_LAB3_LIB4_R1_fastqc.html
[2022-06-04 02:40:11,141] multiqc                                            [DEBUG  ]  File ignored by rseqc/read_distribution because it exceeded search pattern filesize limit: PanelB_LAB3_LIB4_R1_fastqc.html
[2022-06-04 02:40:11,141] multiqc                                            [DEBUG  ]  File ignored by rseqc/infer_experiment because it exceeded search pattern filesize limit: PanelB_LAB3_LIB4_R1_fastqc.html
[2022-06-04 02:40:11,211] multiqc                                            [DEBUG  ]  File ignored by nanostat because it exceeded search pattern filesize limit: PanelB_LAB3_LIB4_R1_fastqc.html
[2022-06-04 02:40:11,220] multiqc                                            [DEBUG  ]  File ignored by ccs/v4 because it exceeded search pattern filesize limit: PanelB_LAB3_LIB4_R2_fastqc.html
[2022-06-04 02:40:11,221] multiqc                                            [DEBUG  ]  File ignored by hicexplorer because it exceeded search pattern filesize limit: PanelB_LAB3_LIB4_R2_fastqc.html
[2022-06-04 02:40:11,221] multiqc                                            [DEBUG  ]  File ignored by lima/summary because it exceeded search pattern filesize limit: PanelB_LAB3_LIB4_R2_fastqc.html
[2022-06-04 02:40:11,223] multiqc                                            [DEBUG  ]  File ignored by vep/vep_txt because it exceeded search pattern filesize limit: PanelB_LAB3_LIB4_R2_fastqc.html
[2022-06-04 02:40:11,223] multiqc                                            [DEBUG  ]  File ignored by longranger/invocation because it exceeded search pattern filesize limit: PanelB_LAB3_LIB4_R2_fastqc.html
[2022-06-04 02:40:11,223] multiqc                                            [DEBUG  ]  File ignored by rockhopper because it exceeded search pattern filesize limit: PanelB_LAB3_LIB4_R2_fastqc.html
[2022-06-04 02:40:11,223] multiqc                                            [DEBUG  ]  File ignored by rseqc/bam_stat because it exceeded search pattern filesize limit: PanelB_LAB3_LIB4_R2_fastqc.html
[2022-06-04 02:40:11,223] multiqc                                            [DEBUG  ]  File ignored by rseqc/junction_annotation because it exceeded search pattern filesize limit: PanelB_LAB3_LIB4_R2_fastqc.html
[2022-06-04 02:40:11,223] multiqc                                            [DEBUG  ]  File ignored by rseqc/read_distribution because it exceeded search pattern filesize limit: PanelB_LAB3_LIB4_R2_fastqc.html
[2022-06-04 02:40:11,223] multiqc                                            [DEBUG  ]  File ignored by rseqc/infer_experiment because it exceeded search pattern filesize limit: PanelB_LAB3_LIB4_R2_fastqc.html
[2022-06-04 02:40:11,293] multiqc                                            [DEBUG  ]  File ignored by nanostat because it exceeded search pattern filesize limit: PanelB_LAB3_LIB4_R2_fastqc.html
[2022-06-04 02:40:11,302] multiqc                                            [DEBUG  ]  File ignored by ccs/v4 because it exceeded search pattern filesize limit: PanelB_LAB3_LIB3_R1_fastqc.html
[2022-06-04 02:40:11,302] multiqc                                            [DEBUG  ]  File ignored by hicexplorer because it exceeded search pattern filesize limit: PanelB_LAB3_LIB3_R1_fastqc.html
[2022-06-04 02:40:11,303] multiqc                                            [DEBUG  ]  File ignored by lima/summary because it exceeded search pattern filesize limit: PanelB_LAB3_LIB3_R1_fastqc.html
[2022-06-04 02:40:11,304] multiqc                                            [DEBUG  ]  File ignored by vep/vep_txt because it exceeded search pattern filesize limit: PanelB_LAB3_LIB3_R1_fastqc.html
[2022-06-04 02:40:11,305] multiqc                                            [DEBUG  ]  File ignored by longranger/invocation because it exceeded search pattern filesize limit: PanelB_LAB3_LIB3_R1_fastqc.html
[2022-06-04 02:40:11,305] multiqc                                            [DEBUG  ]  File ignored by rockhopper because it exceeded search pattern filesize limit: PanelB_LAB3_LIB3_R1_fastqc.html
[2022-06-04 02:40:11,305] multiqc                                            [DEBUG  ]  File ignored by rseqc/bam_stat because it exceeded search pattern filesize limit: PanelB_LAB3_LIB3_R1_fastqc.html
[2022-06-04 02:40:11,305] multiqc                                            [DEBUG  ]  File ignored by rseqc/junction_annotation because it exceeded search pattern filesize limit: PanelB_LAB3_LIB3_R1_fastqc.html
[2022-06-04 02:40:11,305] multiqc                                            [DEBUG  ]  File ignored by rseqc/read_distribution because it exceeded search pattern filesize limit: PanelB_LAB3_LIB3_R1_fastqc.html
[2022-06-04 02:40:11,305] multiqc                                            [DEBUG  ]  File ignored by rseqc/infer_experiment because it exceeded search pattern filesize limit: PanelB_LAB3_LIB3_R1_fastqc.html
[2022-06-04 02:40:11,372] multiqc                                            [DEBUG  ]  File ignored by nanostat because it exceeded search pattern filesize limit: PanelB_LAB3_LIB3_R1_fastqc.html
[2022-06-04 02:40:11,380] multiqc                                            [DEBUG  ]  File ignored by ccs/v4 because it exceeded search pattern filesize limit: PanelB_LAB3_LIB3_R2_fastqc.html
[2022-06-04 02:40:11,381] multiqc                                            [DEBUG  ]  File ignored by hicexplorer because it exceeded search pattern filesize limit: PanelB_LAB3_LIB3_R2_fastqc.html
[2022-06-04 02:40:11,381] multiqc                                            [DEBUG  ]  File ignored by lima/summary because it exceeded search pattern filesize limit: PanelB_LAB3_LIB3_R2_fastqc.html
[2022-06-04 02:40:11,385] multiqc                                            [DEBUG  ]  File ignored by vep/vep_txt because it exceeded search pattern filesize limit: PanelB_LAB3_LIB3_R2_fastqc.html
[2022-06-04 02:40:11,386] multiqc                                            [DEBUG  ]  File ignored by longranger/invocation because it exceeded search pattern filesize limit: PanelB_LAB3_LIB3_R2_fastqc.html
[2022-06-04 02:40:11,386] multiqc                                            [DEBUG  ]  File ignored by rockhopper because it exceeded search pattern filesize limit: PanelB_LAB3_LIB3_R2_fastqc.html
[2022-06-04 02:40:11,386] multiqc                                            [DEBUG  ]  File ignored by rseqc/bam_stat because it exceeded search pattern filesize limit: PanelB_LAB3_LIB3_R2_fastqc.html
[2022-06-04 02:40:11,386] multiqc                                            [DEBUG  ]  File ignored by rseqc/junction_annotation because it exceeded search pattern filesize limit: PanelB_LAB3_LIB3_R2_fastqc.html
[2022-06-04 02:40:11,386] multiqc                                            [DEBUG  ]  File ignored by rseqc/read_distribution because it exceeded search pattern filesize limit: PanelB_LAB3_LIB3_R2_fastqc.html
[2022-06-04 02:40:11,386] multiqc                                            [DEBUG  ]  File ignored by rseqc/infer_experiment because it exceeded search pattern filesize limit: PanelB_LAB3_LIB3_R2_fastqc.html
[2022-06-04 02:40:11,453] multiqc                                            [DEBUG  ]  File ignored by nanostat because it exceeded search pattern filesize limit: PanelB_LAB3_LIB3_R2_fastqc.html
[2022-06-04 02:40:11,462] multiqc                                            [DEBUG  ]  File ignored by ccs/v4 because it exceeded search pattern filesize limit: PanelB_LAB3_LIB2_R1_fastqc.html
[2022-06-04 02:40:11,462] multiqc                                            [DEBUG  ]  File ignored by hicexplorer because it exceeded search pattern filesize limit: PanelB_LAB3_LIB2_R1_fastqc.html
[2022-06-04 02:40:11,463] multiqc                                            [DEBUG  ]  File ignored by lima/summary because it exceeded search pattern filesize limit: PanelB_LAB3_LIB2_R1_fastqc.html
[2022-06-04 02:40:11,464] multiqc                                            [DEBUG  ]  File ignored by vep/vep_txt because it exceeded search pattern filesize limit: PanelB_LAB3_LIB2_R1_fastqc.html
[2022-06-04 02:40:11,464] multiqc                                            [DEBUG  ]  File ignored by longranger/invocation because it exceeded search pattern filesize limit: PanelB_LAB3_LIB2_R1_fastqc.html
[2022-06-04 02:40:11,465] multiqc                                            [DEBUG  ]  File ignored by rockhopper because it exceeded search pattern filesize limit: PanelB_LAB3_LIB2_R1_fastqc.html
[2022-06-04 02:40:11,465] multiqc                                            [DEBUG  ]  File ignored by rseqc/bam_stat because it exceeded search pattern filesize limit: PanelB_LAB3_LIB2_R1_fastqc.html
[2022-06-04 02:40:11,465] multiqc                                            [DEBUG  ]  File ignored by rseqc/junction_annotation because it exceeded search pattern filesize limit: PanelB_LAB3_LIB2_R1_fastqc.html
[2022-06-04 02:40:11,465] multiqc                                            [DEBUG  ]  File ignored by rseqc/read_distribution because it exceeded search pattern filesize limit: PanelB_LAB3_LIB2_R1_fastqc.html
[2022-06-04 02:40:11,465] multiqc                                            [DEBUG  ]  File ignored by rseqc/infer_experiment because it exceeded search pattern filesize limit: PanelB_LAB3_LIB2_R1_fastqc.html
[2022-06-04 02:40:11,535] multiqc                                            [DEBUG  ]  File ignored by nanostat because it exceeded search pattern filesize limit: PanelB_LAB3_LIB2_R1_fastqc.html
[2022-06-04 02:40:11,543] multiqc                                            [DEBUG  ]  File ignored by ccs/v4 because it exceeded search pattern filesize limit: PanelB_LAB3_LIB2_R2_fastqc.html
[2022-06-04 02:40:11,544] multiqc                                            [DEBUG  ]  File ignored by hicexplorer because it exceeded search pattern filesize limit: PanelB_LAB3_LIB2_R2_fastqc.html
[2022-06-04 02:40:11,544] multiqc                                            [DEBUG  ]  File ignored by lima/summary because it exceeded search pattern filesize limit: PanelB_LAB3_LIB2_R2_fastqc.html
[2022-06-04 02:40:11,546] multiqc                                            [DEBUG  ]  File ignored by vep/vep_txt because it exceeded search pattern filesize limit: PanelB_LAB3_LIB2_R2_fastqc.html
[2022-06-04 02:40:11,546] multiqc                                            [DEBUG  ]  File ignored by longranger/invocation because it exceeded search pattern filesize limit: PanelB_LAB3_LIB2_R2_fastqc.html
[2022-06-04 02:40:11,546] multiqc                                            [DEBUG  ]  File ignored by rockhopper because it exceeded search pattern filesize limit: PanelB_LAB3_LIB2_R2_fastqc.html
[2022-06-04 02:40:11,546] multiqc                                            [DEBUG  ]  File ignored by rseqc/bam_stat because it exceeded search pattern filesize limit: PanelB_LAB3_LIB2_R2_fastqc.html
[2022-06-04 02:40:11,546] multiqc                                            [DEBUG  ]  File ignored by rseqc/junction_annotation because it exceeded search pattern filesize limit: PanelB_LAB3_LIB2_R2_fastqc.html
[2022-06-04 02:40:11,546] multiqc                                            [DEBUG  ]  File ignored by rseqc/read_distribution because it exceeded search pattern filesize limit: PanelB_LAB3_LIB2_R2_fastqc.html
[2022-06-04 02:40:11,546] multiqc                                            [DEBUG  ]  File ignored by rseqc/infer_experiment because it exceeded search pattern filesize limit: PanelB_LAB3_LIB2_R2_fastqc.html
[2022-06-04 02:40:11,617] multiqc                                            [DEBUG  ]  File ignored by nanostat because it exceeded search pattern filesize limit: PanelB_LAB3_LIB2_R2_fastqc.html
[2022-06-04 02:40:11,625] multiqc                                            [DEBUG  ]  File ignored by ccs/v4 because it exceeded search pattern filesize limit: PanelB_LAB3_LIB1_R1_fastqc.html
[2022-06-04 02:40:11,626] multiqc                                            [DEBUG  ]  File ignored by hicexplorer because it exceeded search pattern filesize limit: PanelB_LAB3_LIB1_R1_fastqc.html
[2022-06-04 02:40:11,626] multiqc                                            [DEBUG  ]  File ignored by lima/summary because it exceeded search pattern filesize limit: PanelB_LAB3_LIB1_R1_fastqc.html
[2022-06-04 02:40:11,628] multiqc                                            [DEBUG  ]  File ignored by vep/vep_txt because it exceeded search pattern filesize limit: PanelB_LAB3_LIB1_R1_fastqc.html
[2022-06-04 02:40:11,628] multiqc                                            [DEBUG  ]  File ignored by longranger/invocation because it exceeded search pattern filesize limit: PanelB_LAB3_LIB1_R1_fastqc.html
[2022-06-04 02:40:11,628] multiqc                                            [DEBUG  ]  File ignored by rockhopper because it exceeded search pattern filesize limit: PanelB_LAB3_LIB1_R1_fastqc.html
[2022-06-04 02:40:11,628] multiqc                                            [DEBUG  ]  File ignored by rseqc/bam_stat because it exceeded search pattern filesize limit: PanelB_LAB3_LIB1_R1_fastqc.html
[2022-06-04 02:40:11,628] multiqc                                            [DEBUG  ]  File ignored by rseqc/junction_annotation because it exceeded search pattern filesize limit: PanelB_LAB3_LIB1_R1_fastqc.html
[2022-06-04 02:40:11,628] multiqc                                            [DEBUG  ]  File ignored by rseqc/read_distribution because it exceeded search pattern filesize limit: PanelB_LAB3_LIB1_R1_fastqc.html
[2022-06-04 02:40:11,628] multiqc                                            [DEBUG  ]  File ignored by rseqc/infer_experiment because it exceeded search pattern filesize limit: PanelB_LAB3_LIB1_R1_fastqc.html
[2022-06-04 02:40:11,699] multiqc                                            [DEBUG  ]  File ignored by nanostat because it exceeded search pattern filesize limit: PanelB_LAB3_LIB1_R1_fastqc.html
[2022-06-04 02:40:11,707] multiqc                                            [DEBUG  ]  File ignored by ccs/v4 because it exceeded search pattern filesize limit: PanelB_LAB3_LIB1_R2_fastqc.html
[2022-06-04 02:40:11,708] multiqc                                            [DEBUG  ]  File ignored by hicexplorer because it exceeded search pattern filesize limit: PanelB_LAB3_LIB1_R2_fastqc.html
[2022-06-04 02:40:11,708] multiqc                                            [DEBUG  ]  File ignored by lima/summary because it exceeded search pattern filesize limit: PanelB_LAB3_LIB1_R2_fastqc.html
[2022-06-04 02:40:11,710] multiqc                                            [DEBUG  ]  File ignored by vep/vep_txt because it exceeded search pattern filesize limit: PanelB_LAB3_LIB1_R2_fastqc.html
[2022-06-04 02:40:11,710] multiqc                                            [DEBUG  ]  File ignored by longranger/invocation because it exceeded search pattern filesize limit: PanelB_LAB3_LIB1_R2_fastqc.html
[2022-06-04 02:40:11,710] multiqc                                            [DEBUG  ]  File ignored by rockhopper because it exceeded search pattern filesize limit: PanelB_LAB3_LIB1_R2_fastqc.html
[2022-06-04 02:40:11,710] multiqc                                            [DEBUG  ]  File ignored by rseqc/bam_stat because it exceeded search pattern filesize limit: PanelB_LAB3_LIB1_R2_fastqc.html
[2022-06-04 02:40:11,710] multiqc                                            [DEBUG  ]  File ignored by rseqc/junction_annotation because it exceeded search pattern filesize limit: PanelB_LAB3_LIB1_R2_fastqc.html
[2022-06-04 02:40:11,710] multiqc                                            [DEBUG  ]  File ignored by rseqc/read_distribution because it exceeded search pattern filesize limit: PanelB_LAB3_LIB1_R2_fastqc.html
[2022-06-04 02:40:11,710] multiqc                                            [DEBUG  ]  File ignored by rseqc/infer_experiment because it exceeded search pattern filesize limit: PanelB_LAB3_LIB1_R2_fastqc.html
[2022-06-04 02:40:11,778] multiqc                                            [DEBUG  ]  File ignored by nanostat because it exceeded search pattern filesize limit: PanelB_LAB3_LIB1_R2_fastqc.html
[2022-06-04 02:40:11,967] multiqc.plots.linegraph                            [DEBUG  ]  Using matplotlib version 3.1.2
[2022-06-04 02:40:11,967] multiqc.plots.bargraph                             [DEBUG  ]  Using matplotlib version 3.1.2
[2022-06-04 02:40:15,275] multiqc.modules.fastqc.fastqc                      [INFO   ]  Found 24 reports
[2022-06-04 02:40:15,573] multiqc                                            [INFO   ]  Compressing plot data
[2022-06-04 02:40:15,971] multiqc                                            [INFO   ]  Report      : reports/multiqc/pre_alignment/PanelB/multiqc_report.html
[2022-06-04 02:40:15,971] multiqc                                            [INFO   ]  Data        : reports/multiqc/pre_alignment/PanelB/multiqc_report_data
[2022-06-04 02:40:15,971] multiqc                                            [DEBUG  ]  Moving data file from '/tmp/tmp_conehgt/multiqc_data' to '/home/azureuser/mnt_back/eric/reports/multiqc/pre_alignment/PanelB/multiqc_report_data'
[2022-06-04 02:40:16,066] multiqc                                            [INFO   ]  MultiQC complete
