[2022-06-02 10:26:51,474] multiqc                                            [DEBUG  ]  This is MultiQC v1.12
[2022-06-02 10:26:51,474] multiqc                                            [DEBUG  ]  No MultiQC config found: /usr/lib/python3.8/site-packages/multiqc_config.yaml
[2022-06-02 10:26:51,474] multiqc                                            [DEBUG  ]  No MultiQC config found: /home/azureuser/mnt/eric/.multiqc_config.yaml
[2022-06-02 10:26:51,474] multiqc                                            [DEBUG  ]  No MultiQC config found: multiqc_config.yaml
[2022-06-02 10:26:51,474] multiqc                                            [DEBUG  ]  Command used: /usr/bin/multiqc -f -n reports/multiqc/pre_alignment/PanelA/multiqc_report.html reports/fastqc/pre_alignment/PanelA/
[2022-06-02 10:26:52,541] multiqc                                            [DEBUG  ]  Latest MultiQC version is v1.12
[2022-06-02 10:26:52,541] multiqc                                            [DEBUG  ]  Command     : /usr/bin/multiqc -f -n reports/multiqc/pre_alignment/PanelA/multiqc_report.html reports/fastqc/pre_alignment/PanelA/
[2022-06-02 10:26:52,541] multiqc                                            [DEBUG  ]  Working dir : /home/azureuser/mnt/eric
[2022-06-02 10:26:52,541] multiqc                                            [DEBUG  ]  Template    : default
[2022-06-02 10:26:52,541] multiqc                                            [DEBUG  ]  Running Python 3.8.1 (default, Dec 26 2019, 14:42:08)  [GCC 9.2.0]
[2022-06-02 10:26:52,541] multiqc                                            [DEBUG  ]  Analysing modules: custom_content, ccs, ngsderive, purple, conpair, lima, peddy, somalier, methylQA, mosdepth, phantompeakqualtools, qualimap, preseq, quast, qorts, rna_seqc, rockhopper, rsem, rseqc, busco, bustools, goleft_indexcov, gffcompare, disambiguate, supernova, deeptools, sargasso, verifybamid, mirtrace, happy, mirtop, sambamba, homer, hops, macs2, theta2, snpeff, gatk, htseq, bcftools, featureCounts, fgbio, dragen, dedup, pbmarkdup, damageprofiler, biobambam2, jcvi, mtnucratio, picard, vep, sentieon, prokka, qc3C, nanostat, samblaster, samtools, sexdeterrmine, eigenstratdatabasetools, bamtools, jellyfish, vcftools, longranger, stacks, varscan2, snippy, bbmap, bismark, biscuit, hicexplorer, hicup, hicpro, salmon, kallisto, slamdunk, star, hisat2, tophat, bowtie2, bowtie1, snpsplit, odgi, pangolin, kat, leehom, adapterRemoval, clipandmerge, cutadapt, flexbar, kaiju, kraken, malt, trimmomatic, sickle, skewer, sortmerna, biobloomtools, fastq_screen, afterqc, fastp, fastqc, pychopper, pycoqc, minionqc, multivcfanalyzer, clusterflow, checkqc, bcl2fastq, bclconvert, interop, ivar, flash, seqyclean, optitype, whatshap
[2022-06-02 10:26:52,541] multiqc                                            [DEBUG  ]  Using temporary directory for creating report: /tmp/tmpxd2xszzf
[2022-06-02 10:26:52,651] multiqc                                            [INFO   ]  Search path : /home/azureuser/mnt/eric/reports/fastqc/pre_alignment/PanelA
[2022-06-02 10:26:52,685] multiqc                                            [DEBUG  ]  File ignored by ccs/v4 because it exceeded search pattern filesize limit: PanelA_LAB2_LIB3_R1_fastqc.html
[2022-06-02 10:26:52,686] multiqc                                            [DEBUG  ]  File ignored by hicexplorer because it exceeded search pattern filesize limit: PanelA_LAB2_LIB3_R1_fastqc.html
[2022-06-02 10:26:52,686] multiqc                                            [DEBUG  ]  File ignored by lima/summary because it exceeded search pattern filesize limit: PanelA_LAB2_LIB3_R1_fastqc.html
[2022-06-02 10:26:52,689] multiqc                                            [DEBUG  ]  File ignored by vep/vep_txt because it exceeded search pattern filesize limit: PanelA_LAB2_LIB3_R1_fastqc.html
[2022-06-02 10:26:52,689] multiqc                                            [DEBUG  ]  File ignored by longranger/invocation because it exceeded search pattern filesize limit: PanelA_LAB2_LIB3_R1_fastqc.html
[2022-06-02 10:26:52,689] multiqc                                            [DEBUG  ]  File ignored by rockhopper because it exceeded search pattern filesize limit: PanelA_LAB2_LIB3_R1_fastqc.html
[2022-06-02 10:26:52,689] multiqc                                            [DEBUG  ]  File ignored by rseqc/bam_stat because it exceeded search pattern filesize limit: PanelA_LAB2_LIB3_R1_fastqc.html
[2022-06-02 10:26:52,689] multiqc                                            [DEBUG  ]  File ignored by rseqc/junction_annotation because it exceeded search pattern filesize limit: PanelA_LAB2_LIB3_R1_fastqc.html
[2022-06-02 10:26:52,689] multiqc                                            [DEBUG  ]  File ignored by rseqc/read_distribution because it exceeded search pattern filesize limit: PanelA_LAB2_LIB3_R1_fastqc.html
[2022-06-02 10:26:52,689] multiqc                                            [DEBUG  ]  File ignored by rseqc/infer_experiment because it exceeded search pattern filesize limit: PanelA_LAB2_LIB3_R1_fastqc.html
[2022-06-02 10:26:52,758] multiqc                                            [DEBUG  ]  File ignored by nanostat because it exceeded search pattern filesize limit: PanelA_LAB2_LIB3_R1_fastqc.html
[2022-06-02 10:26:52,769] multiqc                                            [DEBUG  ]  File ignored by ccs/v4 because it exceeded search pattern filesize limit: PanelA_LAB2_LIB3_R3_fastqc.html
[2022-06-02 10:26:52,770] multiqc                                            [DEBUG  ]  File ignored by hicexplorer because it exceeded search pattern filesize limit: PanelA_LAB2_LIB3_R3_fastqc.html
[2022-06-02 10:26:52,770] multiqc                                            [DEBUG  ]  File ignored by lima/summary because it exceeded search pattern filesize limit: PanelA_LAB2_LIB3_R3_fastqc.html
[2022-06-02 10:26:52,772] multiqc                                            [DEBUG  ]  File ignored by vep/vep_txt because it exceeded search pattern filesize limit: PanelA_LAB2_LIB3_R3_fastqc.html
[2022-06-02 10:26:52,772] multiqc                                            [DEBUG  ]  File ignored by longranger/invocation because it exceeded search pattern filesize limit: PanelA_LAB2_LIB3_R3_fastqc.html
[2022-06-02 10:26:52,772] multiqc                                            [DEBUG  ]  File ignored by rockhopper because it exceeded search pattern filesize limit: PanelA_LAB2_LIB3_R3_fastqc.html
[2022-06-02 10:26:52,772] multiqc                                            [DEBUG  ]  File ignored by rseqc/bam_stat because it exceeded search pattern filesize limit: PanelA_LAB2_LIB3_R3_fastqc.html
[2022-06-02 10:26:52,772] multiqc                                            [DEBUG  ]  File ignored by rseqc/junction_annotation because it exceeded search pattern filesize limit: PanelA_LAB2_LIB3_R3_fastqc.html
[2022-06-02 10:26:52,772] multiqc                                            [DEBUG  ]  File ignored by rseqc/read_distribution because it exceeded search pattern filesize limit: PanelA_LAB2_LIB3_R3_fastqc.html
[2022-06-02 10:26:52,772] multiqc                                            [DEBUG  ]  File ignored by rseqc/infer_experiment because it exceeded search pattern filesize limit: PanelA_LAB2_LIB3_R3_fastqc.html
[2022-06-02 10:26:52,841] multiqc                                            [DEBUG  ]  File ignored by nanostat because it exceeded search pattern filesize limit: PanelA_LAB2_LIB3_R3_fastqc.html
[2022-06-02 10:26:52,849] multiqc                                            [DEBUG  ]  File ignored by ccs/v4 because it exceeded search pattern filesize limit: PanelA_LAB2_LIB1_R1_fastqc.html
[2022-06-02 10:26:52,850] multiqc                                            [DEBUG  ]  File ignored by hicexplorer because it exceeded search pattern filesize limit: PanelA_LAB2_LIB1_R1_fastqc.html
[2022-06-02 10:26:52,850] multiqc                                            [DEBUG  ]  File ignored by lima/summary because it exceeded search pattern filesize limit: PanelA_LAB2_LIB1_R1_fastqc.html
[2022-06-02 10:26:52,852] multiqc                                            [DEBUG  ]  File ignored by vep/vep_txt because it exceeded search pattern filesize limit: PanelA_LAB2_LIB1_R1_fastqc.html
[2022-06-02 10:26:52,852] multiqc                                            [DEBUG  ]  File ignored by longranger/invocation because it exceeded search pattern filesize limit: PanelA_LAB2_LIB1_R1_fastqc.html
[2022-06-02 10:26:52,852] multiqc                                            [DEBUG  ]  File ignored by rockhopper because it exceeded search pattern filesize limit: PanelA_LAB2_LIB1_R1_fastqc.html
[2022-06-02 10:26:52,852] multiqc                                            [DEBUG  ]  File ignored by rseqc/bam_stat because it exceeded search pattern filesize limit: PanelA_LAB2_LIB1_R1_fastqc.html
[2022-06-02 10:26:52,852] multiqc                                            [DEBUG  ]  File ignored by rseqc/junction_annotation because it exceeded search pattern filesize limit: PanelA_LAB2_LIB1_R1_fastqc.html
[2022-06-02 10:26:52,852] multiqc                                            [DEBUG  ]  File ignored by rseqc/read_distribution because it exceeded search pattern filesize limit: PanelA_LAB2_LIB1_R1_fastqc.html
[2022-06-02 10:26:52,852] multiqc                                            [DEBUG  ]  File ignored by rseqc/infer_experiment because it exceeded search pattern filesize limit: PanelA_LAB2_LIB1_R1_fastqc.html
[2022-06-02 10:26:52,921] multiqc                                            [DEBUG  ]  File ignored by nanostat because it exceeded search pattern filesize limit: PanelA_LAB2_LIB1_R1_fastqc.html
[2022-06-02 10:26:52,929] multiqc                                            [DEBUG  ]  File ignored by ccs/v4 because it exceeded search pattern filesize limit: PanelA_LAB2_LIB1_R3_fastqc.html
[2022-06-02 10:26:52,930] multiqc                                            [DEBUG  ]  File ignored by hicexplorer because it exceeded search pattern filesize limit: PanelA_LAB2_LIB1_R3_fastqc.html
[2022-06-02 10:26:52,930] multiqc                                            [DEBUG  ]  File ignored by lima/summary because it exceeded search pattern filesize limit: PanelA_LAB2_LIB1_R3_fastqc.html
[2022-06-02 10:26:52,932] multiqc                                            [DEBUG  ]  File ignored by vep/vep_txt because it exceeded search pattern filesize limit: PanelA_LAB2_LIB1_R3_fastqc.html
[2022-06-02 10:26:52,932] multiqc                                            [DEBUG  ]  File ignored by longranger/invocation because it exceeded search pattern filesize limit: PanelA_LAB2_LIB1_R3_fastqc.html
[2022-06-02 10:26:52,932] multiqc                                            [DEBUG  ]  File ignored by rockhopper because it exceeded search pattern filesize limit: PanelA_LAB2_LIB1_R3_fastqc.html
[2022-06-02 10:26:52,932] multiqc                                            [DEBUG  ]  File ignored by rseqc/bam_stat because it exceeded search pattern filesize limit: PanelA_LAB2_LIB1_R3_fastqc.html
[2022-06-02 10:26:52,932] multiqc                                            [DEBUG  ]  File ignored by rseqc/junction_annotation because it exceeded search pattern filesize limit: PanelA_LAB2_LIB1_R3_fastqc.html
[2022-06-02 10:26:52,932] multiqc                                            [DEBUG  ]  File ignored by rseqc/read_distribution because it exceeded search pattern filesize limit: PanelA_LAB2_LIB1_R3_fastqc.html
[2022-06-02 10:26:52,932] multiqc                                            [DEBUG  ]  File ignored by rseqc/infer_experiment because it exceeded search pattern filesize limit: PanelA_LAB2_LIB1_R3_fastqc.html
[2022-06-02 10:26:53,002] multiqc                                            [DEBUG  ]  File ignored by nanostat because it exceeded search pattern filesize limit: PanelA_LAB2_LIB1_R3_fastqc.html
[2022-06-02 10:26:53,011] multiqc                                            [DEBUG  ]  File ignored by ccs/v4 because it exceeded search pattern filesize limit: PanelA_LAB2_LIB2_R1_fastqc.html
[2022-06-02 10:26:53,012] multiqc                                            [DEBUG  ]  File ignored by hicexplorer because it exceeded search pattern filesize limit: PanelA_LAB2_LIB2_R1_fastqc.html
[2022-06-02 10:26:53,012] multiqc                                            [DEBUG  ]  File ignored by lima/summary because it exceeded search pattern filesize limit: PanelA_LAB2_LIB2_R1_fastqc.html
[2022-06-02 10:26:53,013] multiqc                                            [DEBUG  ]  File ignored by vep/vep_txt because it exceeded search pattern filesize limit: PanelA_LAB2_LIB2_R1_fastqc.html
[2022-06-02 10:26:53,014] multiqc                                            [DEBUG  ]  File ignored by longranger/invocation because it exceeded search pattern filesize limit: PanelA_LAB2_LIB2_R1_fastqc.html
[2022-06-02 10:26:53,014] multiqc                                            [DEBUG  ]  File ignored by rockhopper because it exceeded search pattern filesize limit: PanelA_LAB2_LIB2_R1_fastqc.html
[2022-06-02 10:26:53,014] multiqc                                            [DEBUG  ]  File ignored by rseqc/bam_stat because it exceeded search pattern filesize limit: PanelA_LAB2_LIB2_R1_fastqc.html
[2022-06-02 10:26:53,014] multiqc                                            [DEBUG  ]  File ignored by rseqc/junction_annotation because it exceeded search pattern filesize limit: PanelA_LAB2_LIB2_R1_fastqc.html
[2022-06-02 10:26:53,014] multiqc                                            [DEBUG  ]  File ignored by rseqc/read_distribution because it exceeded search pattern filesize limit: PanelA_LAB2_LIB2_R1_fastqc.html
[2022-06-02 10:26:53,014] multiqc                                            [DEBUG  ]  File ignored by rseqc/infer_experiment because it exceeded search pattern filesize limit: PanelA_LAB2_LIB2_R1_fastqc.html
[2022-06-02 10:26:53,082] multiqc                                            [DEBUG  ]  File ignored by nanostat because it exceeded search pattern filesize limit: PanelA_LAB2_LIB2_R1_fastqc.html
[2022-06-02 10:26:53,090] multiqc                                            [DEBUG  ]  File ignored by ccs/v4 because it exceeded search pattern filesize limit: PanelA_LAB2_LIB2_R3_fastqc.html
[2022-06-02 10:26:53,091] multiqc                                            [DEBUG  ]  File ignored by hicexplorer because it exceeded search pattern filesize limit: PanelA_LAB2_LIB2_R3_fastqc.html
[2022-06-02 10:26:53,091] multiqc                                            [DEBUG  ]  File ignored by lima/summary because it exceeded search pattern filesize limit: PanelA_LAB2_LIB2_R3_fastqc.html
[2022-06-02 10:26:53,093] multiqc                                            [DEBUG  ]  File ignored by vep/vep_txt because it exceeded search pattern filesize limit: PanelA_LAB2_LIB2_R3_fastqc.html
[2022-06-02 10:26:53,093] multiqc                                            [DEBUG  ]  File ignored by longranger/invocation because it exceeded search pattern filesize limit: PanelA_LAB2_LIB2_R3_fastqc.html
[2022-06-02 10:26:53,093] multiqc                                            [DEBUG  ]  File ignored by rockhopper because it exceeded search pattern filesize limit: PanelA_LAB2_LIB2_R3_fastqc.html
[2022-06-02 10:26:53,093] multiqc                                            [DEBUG  ]  File ignored by rseqc/bam_stat because it exceeded search pattern filesize limit: PanelA_LAB2_LIB2_R3_fastqc.html
[2022-06-02 10:26:53,093] multiqc                                            [DEBUG  ]  File ignored by rseqc/junction_annotation because it exceeded search pattern filesize limit: PanelA_LAB2_LIB2_R3_fastqc.html
[2022-06-02 10:26:53,093] multiqc                                            [DEBUG  ]  File ignored by rseqc/read_distribution because it exceeded search pattern filesize limit: PanelA_LAB2_LIB2_R3_fastqc.html
[2022-06-02 10:26:53,093] multiqc                                            [DEBUG  ]  File ignored by rseqc/infer_experiment because it exceeded search pattern filesize limit: PanelA_LAB2_LIB2_R3_fastqc.html
[2022-06-02 10:26:53,161] multiqc                                            [DEBUG  ]  File ignored by nanostat because it exceeded search pattern filesize limit: PanelA_LAB2_LIB2_R3_fastqc.html
[2022-06-02 10:26:53,169] multiqc                                            [DEBUG  ]  File ignored by ccs/v4 because it exceeded search pattern filesize limit: PanelA_LAB2_LIB4_R1_fastqc.html
[2022-06-02 10:26:53,170] multiqc                                            [DEBUG  ]  File ignored by hicexplorer because it exceeded search pattern filesize limit: PanelA_LAB2_LIB4_R1_fastqc.html
[2022-06-02 10:26:53,170] multiqc                                            [DEBUG  ]  File ignored by lima/summary because it exceeded search pattern filesize limit: PanelA_LAB2_LIB4_R1_fastqc.html
[2022-06-02 10:26:53,172] multiqc                                            [DEBUG  ]  File ignored by vep/vep_txt because it exceeded search pattern filesize limit: PanelA_LAB2_LIB4_R1_fastqc.html
[2022-06-02 10:26:53,172] multiqc                                            [DEBUG  ]  File ignored by longranger/invocation because it exceeded search pattern filesize limit: PanelA_LAB2_LIB4_R1_fastqc.html
[2022-06-02 10:26:53,172] multiqc                                            [DEBUG  ]  File ignored by rockhopper because it exceeded search pattern filesize limit: PanelA_LAB2_LIB4_R1_fastqc.html
[2022-06-02 10:26:53,172] multiqc                                            [DEBUG  ]  File ignored by rseqc/bam_stat because it exceeded search pattern filesize limit: PanelA_LAB2_LIB4_R1_fastqc.html
[2022-06-02 10:26:53,172] multiqc                                            [DEBUG  ]  File ignored by rseqc/junction_annotation because it exceeded search pattern filesize limit: PanelA_LAB2_LIB4_R1_fastqc.html
[2022-06-02 10:26:53,172] multiqc                                            [DEBUG  ]  File ignored by rseqc/read_distribution because it exceeded search pattern filesize limit: PanelA_LAB2_LIB4_R1_fastqc.html
[2022-06-02 10:26:53,172] multiqc                                            [DEBUG  ]  File ignored by rseqc/infer_experiment because it exceeded search pattern filesize limit: PanelA_LAB2_LIB4_R1_fastqc.html
[2022-06-02 10:26:53,244] multiqc                                            [DEBUG  ]  File ignored by nanostat because it exceeded search pattern filesize limit: PanelA_LAB2_LIB4_R1_fastqc.html
[2022-06-02 10:26:53,253] multiqc                                            [DEBUG  ]  File ignored by ccs/v4 because it exceeded search pattern filesize limit: PanelA_LAB2_LIB4_R3_fastqc.html
[2022-06-02 10:26:53,254] multiqc                                            [DEBUG  ]  File ignored by hicexplorer because it exceeded search pattern filesize limit: PanelA_LAB2_LIB4_R3_fastqc.html
[2022-06-02 10:26:53,254] multiqc                                            [DEBUG  ]  File ignored by lima/summary because it exceeded search pattern filesize limit: PanelA_LAB2_LIB4_R3_fastqc.html
[2022-06-02 10:26:53,256] multiqc                                            [DEBUG  ]  File ignored by vep/vep_txt because it exceeded search pattern filesize limit: PanelA_LAB2_LIB4_R3_fastqc.html
[2022-06-02 10:26:53,256] multiqc                                            [DEBUG  ]  File ignored by longranger/invocation because it exceeded search pattern filesize limit: PanelA_LAB2_LIB4_R3_fastqc.html
[2022-06-02 10:26:53,256] multiqc                                            [DEBUG  ]  File ignored by rockhopper because it exceeded search pattern filesize limit: PanelA_LAB2_LIB4_R3_fastqc.html
[2022-06-02 10:26:53,256] multiqc                                            [DEBUG  ]  File ignored by rseqc/bam_stat because it exceeded search pattern filesize limit: PanelA_LAB2_LIB4_R3_fastqc.html
[2022-06-02 10:26:53,256] multiqc                                            [DEBUG  ]  File ignored by rseqc/junction_annotation because it exceeded search pattern filesize limit: PanelA_LAB2_LIB4_R3_fastqc.html
[2022-06-02 10:26:53,256] multiqc                                            [DEBUG  ]  File ignored by rseqc/read_distribution because it exceeded search pattern filesize limit: PanelA_LAB2_LIB4_R3_fastqc.html
[2022-06-02 10:26:53,256] multiqc                                            [DEBUG  ]  File ignored by rseqc/infer_experiment because it exceeded search pattern filesize limit: PanelA_LAB2_LIB4_R3_fastqc.html
[2022-06-02 10:26:53,326] multiqc                                            [DEBUG  ]  File ignored by nanostat because it exceeded search pattern filesize limit: PanelA_LAB2_LIB4_R3_fastqc.html
[2022-06-02 10:26:53,334] multiqc                                            [DEBUG  ]  File ignored by ccs/v4 because it exceeded search pattern filesize limit: PanelA_LAB1_LIB3_R1_fastqc.html
[2022-06-02 10:26:53,335] multiqc                                            [DEBUG  ]  File ignored by hicexplorer because it exceeded search pattern filesize limit: PanelA_LAB1_LIB3_R1_fastqc.html
[2022-06-02 10:26:53,336] multiqc                                            [DEBUG  ]  File ignored by lima/summary because it exceeded search pattern filesize limit: PanelA_LAB1_LIB3_R1_fastqc.html
[2022-06-02 10:26:53,337] multiqc                                            [DEBUG  ]  File ignored by vep/vep_txt because it exceeded search pattern filesize limit: PanelA_LAB1_LIB3_R1_fastqc.html
[2022-06-02 10:26:53,338] multiqc                                            [DEBUG  ]  File ignored by longranger/invocation because it exceeded search pattern filesize limit: PanelA_LAB1_LIB3_R1_fastqc.html
[2022-06-02 10:26:53,338] multiqc                                            [DEBUG  ]  File ignored by rockhopper because it exceeded search pattern filesize limit: PanelA_LAB1_LIB3_R1_fastqc.html
[2022-06-02 10:26:53,338] multiqc                                            [DEBUG  ]  File ignored by rseqc/bam_stat because it exceeded search pattern filesize limit: PanelA_LAB1_LIB3_R1_fastqc.html
[2022-06-02 10:26:53,338] multiqc                                            [DEBUG  ]  File ignored by rseqc/junction_annotation because it exceeded search pattern filesize limit: PanelA_LAB1_LIB3_R1_fastqc.html
[2022-06-02 10:26:53,338] multiqc                                            [DEBUG  ]  File ignored by rseqc/read_distribution because it exceeded search pattern filesize limit: PanelA_LAB1_LIB3_R1_fastqc.html
[2022-06-02 10:26:53,338] multiqc                                            [DEBUG  ]  File ignored by rseqc/infer_experiment because it exceeded search pattern filesize limit: PanelA_LAB1_LIB3_R1_fastqc.html
[2022-06-02 10:26:53,407] multiqc                                            [DEBUG  ]  File ignored by nanostat because it exceeded search pattern filesize limit: PanelA_LAB1_LIB3_R1_fastqc.html
[2022-06-02 10:26:53,416] multiqc                                            [DEBUG  ]  File ignored by ccs/v4 because it exceeded search pattern filesize limit: PanelA_LAB1_LIB3_R3_fastqc.html
[2022-06-02 10:26:53,417] multiqc                                            [DEBUG  ]  File ignored by hicexplorer because it exceeded search pattern filesize limit: PanelA_LAB1_LIB3_R3_fastqc.html
[2022-06-02 10:26:53,417] multiqc                                            [DEBUG  ]  File ignored by lima/summary because it exceeded search pattern filesize limit: PanelA_LAB1_LIB3_R3_fastqc.html
[2022-06-02 10:26:53,419] multiqc                                            [DEBUG  ]  File ignored by vep/vep_txt because it exceeded search pattern filesize limit: PanelA_LAB1_LIB3_R3_fastqc.html
[2022-06-02 10:26:53,419] multiqc                                            [DEBUG  ]  File ignored by longranger/invocation because it exceeded search pattern filesize limit: PanelA_LAB1_LIB3_R3_fastqc.html
[2022-06-02 10:26:53,419] multiqc                                            [DEBUG  ]  File ignored by rockhopper because it exceeded search pattern filesize limit: PanelA_LAB1_LIB3_R3_fastqc.html
[2022-06-02 10:26:53,419] multiqc                                            [DEBUG  ]  File ignored by rseqc/bam_stat because it exceeded search pattern filesize limit: PanelA_LAB1_LIB3_R3_fastqc.html
[2022-06-02 10:26:53,419] multiqc                                            [DEBUG  ]  File ignored by rseqc/junction_annotation because it exceeded search pattern filesize limit: PanelA_LAB1_LIB3_R3_fastqc.html
[2022-06-02 10:26:53,419] multiqc                                            [DEBUG  ]  File ignored by rseqc/read_distribution because it exceeded search pattern filesize limit: PanelA_LAB1_LIB3_R3_fastqc.html
[2022-06-02 10:26:53,419] multiqc                                            [DEBUG  ]  File ignored by rseqc/infer_experiment because it exceeded search pattern filesize limit: PanelA_LAB1_LIB3_R3_fastqc.html
[2022-06-02 10:26:53,483] multiqc                                            [DEBUG  ]  File ignored by nanostat because it exceeded search pattern filesize limit: PanelA_LAB1_LIB3_R3_fastqc.html
[2022-06-02 10:26:53,494] multiqc                                            [DEBUG  ]  File ignored by ccs/v4 because it exceeded search pattern filesize limit: PanelA_LAB1_LIB4_R1_fastqc.html
[2022-06-02 10:26:53,495] multiqc                                            [DEBUG  ]  File ignored by hicexplorer because it exceeded search pattern filesize limit: PanelA_LAB1_LIB4_R1_fastqc.html
[2022-06-02 10:26:53,495] multiqc                                            [DEBUG  ]  File ignored by lima/summary because it exceeded search pattern filesize limit: PanelA_LAB1_LIB4_R1_fastqc.html
[2022-06-02 10:26:53,497] multiqc                                            [DEBUG  ]  File ignored by vep/vep_txt because it exceeded search pattern filesize limit: PanelA_LAB1_LIB4_R1_fastqc.html
[2022-06-02 10:26:53,497] multiqc                                            [DEBUG  ]  File ignored by longranger/invocation because it exceeded search pattern filesize limit: PanelA_LAB1_LIB4_R1_fastqc.html
[2022-06-02 10:26:53,498] multiqc                                            [DEBUG  ]  File ignored by rockhopper because it exceeded search pattern filesize limit: PanelA_LAB1_LIB4_R1_fastqc.html
[2022-06-02 10:26:53,498] multiqc                                            [DEBUG  ]  File ignored by rseqc/bam_stat because it exceeded search pattern filesize limit: PanelA_LAB1_LIB4_R1_fastqc.html
[2022-06-02 10:26:53,498] multiqc                                            [DEBUG  ]  File ignored by rseqc/junction_annotation because it exceeded search pattern filesize limit: PanelA_LAB1_LIB4_R1_fastqc.html
[2022-06-02 10:26:53,498] multiqc                                            [DEBUG  ]  File ignored by rseqc/read_distribution because it exceeded search pattern filesize limit: PanelA_LAB1_LIB4_R1_fastqc.html
[2022-06-02 10:26:53,498] multiqc                                            [DEBUG  ]  File ignored by rseqc/infer_experiment because it exceeded search pattern filesize limit: PanelA_LAB1_LIB4_R1_fastqc.html
[2022-06-02 10:26:53,565] multiqc                                            [DEBUG  ]  File ignored by nanostat because it exceeded search pattern filesize limit: PanelA_LAB1_LIB4_R1_fastqc.html
[2022-06-02 10:26:53,574] multiqc                                            [DEBUG  ]  File ignored by ccs/v4 because it exceeded search pattern filesize limit: PanelA_LAB1_LIB4_R3_fastqc.html
[2022-06-02 10:26:53,575] multiqc                                            [DEBUG  ]  File ignored by hicexplorer because it exceeded search pattern filesize limit: PanelA_LAB1_LIB4_R3_fastqc.html
[2022-06-02 10:26:53,575] multiqc                                            [DEBUG  ]  File ignored by lima/summary because it exceeded search pattern filesize limit: PanelA_LAB1_LIB4_R3_fastqc.html
[2022-06-02 10:26:53,577] multiqc                                            [DEBUG  ]  File ignored by vep/vep_txt because it exceeded search pattern filesize limit: PanelA_LAB1_LIB4_R3_fastqc.html
[2022-06-02 10:26:53,577] multiqc                                            [DEBUG  ]  File ignored by longranger/invocation because it exceeded search pattern filesize limit: PanelA_LAB1_LIB4_R3_fastqc.html
[2022-06-02 10:26:53,577] multiqc                                            [DEBUG  ]  File ignored by rockhopper because it exceeded search pattern filesize limit: PanelA_LAB1_LIB4_R3_fastqc.html
[2022-06-02 10:26:53,577] multiqc                                            [DEBUG  ]  File ignored by rseqc/bam_stat because it exceeded search pattern filesize limit: PanelA_LAB1_LIB4_R3_fastqc.html
[2022-06-02 10:26:53,577] multiqc                                            [DEBUG  ]  File ignored by rseqc/junction_annotation because it exceeded search pattern filesize limit: PanelA_LAB1_LIB4_R3_fastqc.html
[2022-06-02 10:26:53,577] multiqc                                            [DEBUG  ]  File ignored by rseqc/read_distribution because it exceeded search pattern filesize limit: PanelA_LAB1_LIB4_R3_fastqc.html
[2022-06-02 10:26:53,577] multiqc                                            [DEBUG  ]  File ignored by rseqc/infer_experiment because it exceeded search pattern filesize limit: PanelA_LAB1_LIB4_R3_fastqc.html
[2022-06-02 10:26:53,644] multiqc                                            [DEBUG  ]  File ignored by nanostat because it exceeded search pattern filesize limit: PanelA_LAB1_LIB4_R3_fastqc.html
[2022-06-02 10:26:53,652] multiqc                                            [DEBUG  ]  File ignored by ccs/v4 because it exceeded search pattern filesize limit: PanelA_LAB3_LIB1_R1_fastqc.html
[2022-06-02 10:26:53,653] multiqc                                            [DEBUG  ]  File ignored by hicexplorer because it exceeded search pattern filesize limit: PanelA_LAB3_LIB1_R1_fastqc.html
[2022-06-02 10:26:53,653] multiqc                                            [DEBUG  ]  File ignored by lima/summary because it exceeded search pattern filesize limit: PanelA_LAB3_LIB1_R1_fastqc.html
[2022-06-02 10:26:53,655] multiqc                                            [DEBUG  ]  File ignored by vep/vep_txt because it exceeded search pattern filesize limit: PanelA_LAB3_LIB1_R1_fastqc.html
[2022-06-02 10:26:53,655] multiqc                                            [DEBUG  ]  File ignored by longranger/invocation because it exceeded search pattern filesize limit: PanelA_LAB3_LIB1_R1_fastqc.html
[2022-06-02 10:26:53,655] multiqc                                            [DEBUG  ]  File ignored by rockhopper because it exceeded search pattern filesize limit: PanelA_LAB3_LIB1_R1_fastqc.html
[2022-06-02 10:26:53,655] multiqc                                            [DEBUG  ]  File ignored by rseqc/bam_stat because it exceeded search pattern filesize limit: PanelA_LAB3_LIB1_R1_fastqc.html
[2022-06-02 10:26:53,655] multiqc                                            [DEBUG  ]  File ignored by rseqc/junction_annotation because it exceeded search pattern filesize limit: PanelA_LAB3_LIB1_R1_fastqc.html
[2022-06-02 10:26:53,655] multiqc                                            [DEBUG  ]  File ignored by rseqc/read_distribution because it exceeded search pattern filesize limit: PanelA_LAB3_LIB1_R1_fastqc.html
[2022-06-02 10:26:53,655] multiqc                                            [DEBUG  ]  File ignored by rseqc/infer_experiment because it exceeded search pattern filesize limit: PanelA_LAB3_LIB1_R1_fastqc.html
[2022-06-02 10:26:53,725] multiqc                                            [DEBUG  ]  File ignored by nanostat because it exceeded search pattern filesize limit: PanelA_LAB3_LIB1_R1_fastqc.html
[2022-06-02 10:26:53,733] multiqc                                            [DEBUG  ]  File ignored by ccs/v4 because it exceeded search pattern filesize limit: PanelA_LAB1_LIB1_R3_fastqc.html
[2022-06-02 10:26:53,734] multiqc                                            [DEBUG  ]  File ignored by hicexplorer because it exceeded search pattern filesize limit: PanelA_LAB1_LIB1_R3_fastqc.html
[2022-06-02 10:26:53,734] multiqc                                            [DEBUG  ]  File ignored by lima/summary because it exceeded search pattern filesize limit: PanelA_LAB1_LIB1_R3_fastqc.html
[2022-06-02 10:26:53,736] multiqc                                            [DEBUG  ]  File ignored by vep/vep_txt because it exceeded search pattern filesize limit: PanelA_LAB1_LIB1_R3_fastqc.html
[2022-06-02 10:26:53,736] multiqc                                            [DEBUG  ]  File ignored by longranger/invocation because it exceeded search pattern filesize limit: PanelA_LAB1_LIB1_R3_fastqc.html
[2022-06-02 10:26:53,736] multiqc                                            [DEBUG  ]  File ignored by rockhopper because it exceeded search pattern filesize limit: PanelA_LAB1_LIB1_R3_fastqc.html
[2022-06-02 10:26:53,736] multiqc                                            [DEBUG  ]  File ignored by rseqc/bam_stat because it exceeded search pattern filesize limit: PanelA_LAB1_LIB1_R3_fastqc.html
[2022-06-02 10:26:53,736] multiqc                                            [DEBUG  ]  File ignored by rseqc/junction_annotation because it exceeded search pattern filesize limit: PanelA_LAB1_LIB1_R3_fastqc.html
[2022-06-02 10:26:53,736] multiqc                                            [DEBUG  ]  File ignored by rseqc/read_distribution because it exceeded search pattern filesize limit: PanelA_LAB1_LIB1_R3_fastqc.html
[2022-06-02 10:26:53,737] multiqc                                            [DEBUG  ]  File ignored by rseqc/infer_experiment because it exceeded search pattern filesize limit: PanelA_LAB1_LIB1_R3_fastqc.html
[2022-06-02 10:26:53,801] multiqc                                            [DEBUG  ]  File ignored by nanostat because it exceeded search pattern filesize limit: PanelA_LAB1_LIB1_R3_fastqc.html
[2022-06-02 10:26:53,811] multiqc                                            [DEBUG  ]  File ignored by ccs/v4 because it exceeded search pattern filesize limit: PanelA_LAB3_LIB1_R3_fastqc.html
[2022-06-02 10:26:53,812] multiqc                                            [DEBUG  ]  File ignored by hicexplorer because it exceeded search pattern filesize limit: PanelA_LAB3_LIB1_R3_fastqc.html
[2022-06-02 10:26:53,812] multiqc                                            [DEBUG  ]  File ignored by lima/summary because it exceeded search pattern filesize limit: PanelA_LAB3_LIB1_R3_fastqc.html
[2022-06-02 10:26:53,814] multiqc                                            [DEBUG  ]  File ignored by vep/vep_txt because it exceeded search pattern filesize limit: PanelA_LAB3_LIB1_R3_fastqc.html
[2022-06-02 10:26:53,815] multiqc                                            [DEBUG  ]  File ignored by longranger/invocation because it exceeded search pattern filesize limit: PanelA_LAB3_LIB1_R3_fastqc.html
[2022-06-02 10:26:53,815] multiqc                                            [DEBUG  ]  File ignored by rockhopper because it exceeded search pattern filesize limit: PanelA_LAB3_LIB1_R3_fastqc.html
[2022-06-02 10:26:53,815] multiqc                                            [DEBUG  ]  File ignored by rseqc/bam_stat because it exceeded search pattern filesize limit: PanelA_LAB3_LIB1_R3_fastqc.html
[2022-06-02 10:26:53,815] multiqc                                            [DEBUG  ]  File ignored by rseqc/junction_annotation because it exceeded search pattern filesize limit: PanelA_LAB3_LIB1_R3_fastqc.html
[2022-06-02 10:26:53,815] multiqc                                            [DEBUG  ]  File ignored by rseqc/read_distribution because it exceeded search pattern filesize limit: PanelA_LAB3_LIB1_R3_fastqc.html
[2022-06-02 10:26:53,815] multiqc                                            [DEBUG  ]  File ignored by rseqc/infer_experiment because it exceeded search pattern filesize limit: PanelA_LAB3_LIB1_R3_fastqc.html
[2022-06-02 10:26:53,883] multiqc                                            [DEBUG  ]  File ignored by nanostat because it exceeded search pattern filesize limit: PanelA_LAB3_LIB1_R3_fastqc.html
[2022-06-02 10:26:53,892] multiqc                                            [DEBUG  ]  File ignored by ccs/v4 because it exceeded search pattern filesize limit: PanelA_LAB1_LIB2_R1_fastqc.html
[2022-06-02 10:26:53,893] multiqc                                            [DEBUG  ]  File ignored by hicexplorer because it exceeded search pattern filesize limit: PanelA_LAB1_LIB2_R1_fastqc.html
[2022-06-02 10:26:53,893] multiqc                                            [DEBUG  ]  File ignored by lima/summary because it exceeded search pattern filesize limit: PanelA_LAB1_LIB2_R1_fastqc.html
[2022-06-02 10:26:53,895] multiqc                                            [DEBUG  ]  File ignored by vep/vep_txt because it exceeded search pattern filesize limit: PanelA_LAB1_LIB2_R1_fastqc.html
[2022-06-02 10:26:53,895] multiqc                                            [DEBUG  ]  File ignored by longranger/invocation because it exceeded search pattern filesize limit: PanelA_LAB1_LIB2_R1_fastqc.html
[2022-06-02 10:26:53,895] multiqc                                            [DEBUG  ]  File ignored by rockhopper because it exceeded search pattern filesize limit: PanelA_LAB1_LIB2_R1_fastqc.html
[2022-06-02 10:26:53,895] multiqc                                            [DEBUG  ]  File ignored by rseqc/bam_stat because it exceeded search pattern filesize limit: PanelA_LAB1_LIB2_R1_fastqc.html
[2022-06-02 10:26:53,895] multiqc                                            [DEBUG  ]  File ignored by rseqc/junction_annotation because it exceeded search pattern filesize limit: PanelA_LAB1_LIB2_R1_fastqc.html
[2022-06-02 10:26:53,895] multiqc                                            [DEBUG  ]  File ignored by rseqc/read_distribution because it exceeded search pattern filesize limit: PanelA_LAB1_LIB2_R1_fastqc.html
[2022-06-02 10:26:53,895] multiqc                                            [DEBUG  ]  File ignored by rseqc/infer_experiment because it exceeded search pattern filesize limit: PanelA_LAB1_LIB2_R1_fastqc.html
[2022-06-02 10:26:53,961] multiqc                                            [DEBUG  ]  File ignored by nanostat because it exceeded search pattern filesize limit: PanelA_LAB1_LIB2_R1_fastqc.html
[2022-06-02 10:26:53,970] multiqc                                            [DEBUG  ]  File ignored by ccs/v4 because it exceeded search pattern filesize limit: PanelA_LAB1_LIB2_R3_fastqc.html
[2022-06-02 10:26:53,971] multiqc                                            [DEBUG  ]  File ignored by hicexplorer because it exceeded search pattern filesize limit: PanelA_LAB1_LIB2_R3_fastqc.html
[2022-06-02 10:26:53,971] multiqc                                            [DEBUG  ]  File ignored by lima/summary because it exceeded search pattern filesize limit: PanelA_LAB1_LIB2_R3_fastqc.html
[2022-06-02 10:26:53,973] multiqc                                            [DEBUG  ]  File ignored by vep/vep_txt because it exceeded search pattern filesize limit: PanelA_LAB1_LIB2_R3_fastqc.html
[2022-06-02 10:26:53,973] multiqc                                            [DEBUG  ]  File ignored by longranger/invocation because it exceeded search pattern filesize limit: PanelA_LAB1_LIB2_R3_fastqc.html
[2022-06-02 10:26:53,973] multiqc                                            [DEBUG  ]  File ignored by rockhopper because it exceeded search pattern filesize limit: PanelA_LAB1_LIB2_R3_fastqc.html
[2022-06-02 10:26:53,973] multiqc                                            [DEBUG  ]  File ignored by rseqc/bam_stat because it exceeded search pattern filesize limit: PanelA_LAB1_LIB2_R3_fastqc.html
[2022-06-02 10:26:53,973] multiqc                                            [DEBUG  ]  File ignored by rseqc/junction_annotation because it exceeded search pattern filesize limit: PanelA_LAB1_LIB2_R3_fastqc.html
[2022-06-02 10:26:53,973] multiqc                                            [DEBUG  ]  File ignored by rseqc/read_distribution because it exceeded search pattern filesize limit: PanelA_LAB1_LIB2_R3_fastqc.html
[2022-06-02 10:26:53,973] multiqc                                            [DEBUG  ]  File ignored by rseqc/infer_experiment because it exceeded search pattern filesize limit: PanelA_LAB1_LIB2_R3_fastqc.html
[2022-06-02 10:26:54,044] multiqc                                            [DEBUG  ]  File ignored by nanostat because it exceeded search pattern filesize limit: PanelA_LAB1_LIB2_R3_fastqc.html
[2022-06-02 10:26:54,053] multiqc                                            [DEBUG  ]  File ignored by ccs/v4 because it exceeded search pattern filesize limit: PanelA_LAB1_LIB1_R1_fastqc.html
[2022-06-02 10:26:54,054] multiqc                                            [DEBUG  ]  File ignored by hicexplorer because it exceeded search pattern filesize limit: PanelA_LAB1_LIB1_R1_fastqc.html
[2022-06-02 10:26:54,054] multiqc                                            [DEBUG  ]  File ignored by lima/summary because it exceeded search pattern filesize limit: PanelA_LAB1_LIB1_R1_fastqc.html
[2022-06-02 10:26:54,056] multiqc                                            [DEBUG  ]  File ignored by vep/vep_txt because it exceeded search pattern filesize limit: PanelA_LAB1_LIB1_R1_fastqc.html
[2022-06-02 10:26:54,056] multiqc                                            [DEBUG  ]  File ignored by longranger/invocation because it exceeded search pattern filesize limit: PanelA_LAB1_LIB1_R1_fastqc.html
[2022-06-02 10:26:54,056] multiqc                                            [DEBUG  ]  File ignored by rockhopper because it exceeded search pattern filesize limit: PanelA_LAB1_LIB1_R1_fastqc.html
[2022-06-02 10:26:54,056] multiqc                                            [DEBUG  ]  File ignored by rseqc/bam_stat because it exceeded search pattern filesize limit: PanelA_LAB1_LIB1_R1_fastqc.html
[2022-06-02 10:26:54,056] multiqc                                            [DEBUG  ]  File ignored by rseqc/junction_annotation because it exceeded search pattern filesize limit: PanelA_LAB1_LIB1_R1_fastqc.html
[2022-06-02 10:26:54,056] multiqc                                            [DEBUG  ]  File ignored by rseqc/read_distribution because it exceeded search pattern filesize limit: PanelA_LAB1_LIB1_R1_fastqc.html
[2022-06-02 10:26:54,057] multiqc                                            [DEBUG  ]  File ignored by rseqc/infer_experiment because it exceeded search pattern filesize limit: PanelA_LAB1_LIB1_R1_fastqc.html
[2022-06-02 10:26:54,122] multiqc                                            [DEBUG  ]  File ignored by nanostat because it exceeded search pattern filesize limit: PanelA_LAB1_LIB1_R1_fastqc.html
[2022-06-02 10:26:54,130] multiqc                                            [DEBUG  ]  File ignored by ccs/v4 because it exceeded search pattern filesize limit: PanelA_LAB3_LIB3_R1_fastqc.html
[2022-06-02 10:26:54,131] multiqc                                            [DEBUG  ]  File ignored by hicexplorer because it exceeded search pattern filesize limit: PanelA_LAB3_LIB3_R1_fastqc.html
[2022-06-02 10:26:54,131] multiqc                                            [DEBUG  ]  File ignored by lima/summary because it exceeded search pattern filesize limit: PanelA_LAB3_LIB3_R1_fastqc.html
[2022-06-02 10:26:54,133] multiqc                                            [DEBUG  ]  File ignored by vep/vep_txt because it exceeded search pattern filesize limit: PanelA_LAB3_LIB3_R1_fastqc.html
[2022-06-02 10:26:54,133] multiqc                                            [DEBUG  ]  File ignored by longranger/invocation because it exceeded search pattern filesize limit: PanelA_LAB3_LIB3_R1_fastqc.html
[2022-06-02 10:26:54,133] multiqc                                            [DEBUG  ]  File ignored by rockhopper because it exceeded search pattern filesize limit: PanelA_LAB3_LIB3_R1_fastqc.html
[2022-06-02 10:26:54,133] multiqc                                            [DEBUG  ]  File ignored by rseqc/bam_stat because it exceeded search pattern filesize limit: PanelA_LAB3_LIB3_R1_fastqc.html
[2022-06-02 10:26:54,133] multiqc                                            [DEBUG  ]  File ignored by rseqc/junction_annotation because it exceeded search pattern filesize limit: PanelA_LAB3_LIB3_R1_fastqc.html
[2022-06-02 10:26:54,133] multiqc                                            [DEBUG  ]  File ignored by rseqc/read_distribution because it exceeded search pattern filesize limit: PanelA_LAB3_LIB3_R1_fastqc.html
[2022-06-02 10:26:54,134] multiqc                                            [DEBUG  ]  File ignored by rseqc/infer_experiment because it exceeded search pattern filesize limit: PanelA_LAB3_LIB3_R1_fastqc.html
[2022-06-02 10:26:54,201] multiqc                                            [DEBUG  ]  File ignored by nanostat because it exceeded search pattern filesize limit: PanelA_LAB3_LIB3_R1_fastqc.html
[2022-06-02 10:26:54,209] multiqc                                            [DEBUG  ]  File ignored by ccs/v4 because it exceeded search pattern filesize limit: PanelA_LAB3_LIB4_R1_fastqc.html
[2022-06-02 10:26:54,210] multiqc                                            [DEBUG  ]  File ignored by hicexplorer because it exceeded search pattern filesize limit: PanelA_LAB3_LIB4_R1_fastqc.html
[2022-06-02 10:26:54,210] multiqc                                            [DEBUG  ]  File ignored by lima/summary because it exceeded search pattern filesize limit: PanelA_LAB3_LIB4_R1_fastqc.html
[2022-06-02 10:26:54,212] multiqc                                            [DEBUG  ]  File ignored by vep/vep_txt because it exceeded search pattern filesize limit: PanelA_LAB3_LIB4_R1_fastqc.html
[2022-06-02 10:26:54,212] multiqc                                            [DEBUG  ]  File ignored by longranger/invocation because it exceeded search pattern filesize limit: PanelA_LAB3_LIB4_R1_fastqc.html
[2022-06-02 10:26:54,212] multiqc                                            [DEBUG  ]  File ignored by rockhopper because it exceeded search pattern filesize limit: PanelA_LAB3_LIB4_R1_fastqc.html
[2022-06-02 10:26:54,212] multiqc                                            [DEBUG  ]  File ignored by rseqc/bam_stat because it exceeded search pattern filesize limit: PanelA_LAB3_LIB4_R1_fastqc.html
[2022-06-02 10:26:54,212] multiqc                                            [DEBUG  ]  File ignored by rseqc/junction_annotation because it exceeded search pattern filesize limit: PanelA_LAB3_LIB4_R1_fastqc.html
[2022-06-02 10:26:54,212] multiqc                                            [DEBUG  ]  File ignored by rseqc/read_distribution because it exceeded search pattern filesize limit: PanelA_LAB3_LIB4_R1_fastqc.html
[2022-06-02 10:26:54,213] multiqc                                            [DEBUG  ]  File ignored by rseqc/infer_experiment because it exceeded search pattern filesize limit: PanelA_LAB3_LIB4_R1_fastqc.html
[2022-06-02 10:26:54,279] multiqc                                            [DEBUG  ]  File ignored by nanostat because it exceeded search pattern filesize limit: PanelA_LAB3_LIB4_R1_fastqc.html
[2022-06-02 10:26:54,287] multiqc                                            [DEBUG  ]  File ignored by ccs/v4 because it exceeded search pattern filesize limit: PanelA_LAB3_LIB3_R3_fastqc.html
[2022-06-02 10:26:54,288] multiqc                                            [DEBUG  ]  File ignored by hicexplorer because it exceeded search pattern filesize limit: PanelA_LAB3_LIB3_R3_fastqc.html
[2022-06-02 10:26:54,288] multiqc                                            [DEBUG  ]  File ignored by lima/summary because it exceeded search pattern filesize limit: PanelA_LAB3_LIB3_R3_fastqc.html
[2022-06-02 10:26:54,290] multiqc                                            [DEBUG  ]  File ignored by vep/vep_txt because it exceeded search pattern filesize limit: PanelA_LAB3_LIB3_R3_fastqc.html
[2022-06-02 10:26:54,290] multiqc                                            [DEBUG  ]  File ignored by longranger/invocation because it exceeded search pattern filesize limit: PanelA_LAB3_LIB3_R3_fastqc.html
[2022-06-02 10:26:54,290] multiqc                                            [DEBUG  ]  File ignored by rockhopper because it exceeded search pattern filesize limit: PanelA_LAB3_LIB3_R3_fastqc.html
[2022-06-02 10:26:54,290] multiqc                                            [DEBUG  ]  File ignored by rseqc/bam_stat because it exceeded search pattern filesize limit: PanelA_LAB3_LIB3_R3_fastqc.html
[2022-06-02 10:26:54,291] multiqc                                            [DEBUG  ]  File ignored by rseqc/junction_annotation because it exceeded search pattern filesize limit: PanelA_LAB3_LIB3_R3_fastqc.html
[2022-06-02 10:26:54,291] multiqc                                            [DEBUG  ]  File ignored by rseqc/read_distribution because it exceeded search pattern filesize limit: PanelA_LAB3_LIB3_R3_fastqc.html
[2022-06-02 10:26:54,291] multiqc                                            [DEBUG  ]  File ignored by rseqc/infer_experiment because it exceeded search pattern filesize limit: PanelA_LAB3_LIB3_R3_fastqc.html
[2022-06-02 10:26:54,361] multiqc                                            [DEBUG  ]  File ignored by nanostat because it exceeded search pattern filesize limit: PanelA_LAB3_LIB3_R3_fastqc.html
[2022-06-02 10:26:54,370] multiqc                                            [DEBUG  ]  File ignored by ccs/v4 because it exceeded search pattern filesize limit: PanelA_LAB3_LIB4_R3_fastqc.html
[2022-06-02 10:26:54,371] multiqc                                            [DEBUG  ]  File ignored by hicexplorer because it exceeded search pattern filesize limit: PanelA_LAB3_LIB4_R3_fastqc.html
[2022-06-02 10:26:54,371] multiqc                                            [DEBUG  ]  File ignored by lima/summary because it exceeded search pattern filesize limit: PanelA_LAB3_LIB4_R3_fastqc.html
[2022-06-02 10:26:54,373] multiqc                                            [DEBUG  ]  File ignored by vep/vep_txt because it exceeded search pattern filesize limit: PanelA_LAB3_LIB4_R3_fastqc.html
[2022-06-02 10:26:54,373] multiqc                                            [DEBUG  ]  File ignored by longranger/invocation because it exceeded search pattern filesize limit: PanelA_LAB3_LIB4_R3_fastqc.html
[2022-06-02 10:26:54,373] multiqc                                            [DEBUG  ]  File ignored by rockhopper because it exceeded search pattern filesize limit: PanelA_LAB3_LIB4_R3_fastqc.html
[2022-06-02 10:26:54,373] multiqc                                            [DEBUG  ]  File ignored by rseqc/bam_stat because it exceeded search pattern filesize limit: PanelA_LAB3_LIB4_R3_fastqc.html
[2022-06-02 10:26:54,373] multiqc                                            [DEBUG  ]  File ignored by rseqc/junction_annotation because it exceeded search pattern filesize limit: PanelA_LAB3_LIB4_R3_fastqc.html
[2022-06-02 10:26:54,373] multiqc                                            [DEBUG  ]  File ignored by rseqc/read_distribution because it exceeded search pattern filesize limit: PanelA_LAB3_LIB4_R3_fastqc.html
[2022-06-02 10:26:54,373] multiqc                                            [DEBUG  ]  File ignored by rseqc/infer_experiment because it exceeded search pattern filesize limit: PanelA_LAB3_LIB4_R3_fastqc.html
[2022-06-02 10:26:54,440] multiqc                                            [DEBUG  ]  File ignored by nanostat because it exceeded search pattern filesize limit: PanelA_LAB3_LIB4_R3_fastqc.html
[2022-06-02 10:26:54,449] multiqc                                            [DEBUG  ]  File ignored by ccs/v4 because it exceeded search pattern filesize limit: PanelA_LAB3_LIB2_R3_fastqc.html
[2022-06-02 10:26:54,450] multiqc                                            [DEBUG  ]  File ignored by hicexplorer because it exceeded search pattern filesize limit: PanelA_LAB3_LIB2_R3_fastqc.html
[2022-06-02 10:26:54,450] multiqc                                            [DEBUG  ]  File ignored by lima/summary because it exceeded search pattern filesize limit: PanelA_LAB3_LIB2_R3_fastqc.html
[2022-06-02 10:26:54,452] multiqc                                            [DEBUG  ]  File ignored by vep/vep_txt because it exceeded search pattern filesize limit: PanelA_LAB3_LIB2_R3_fastqc.html
[2022-06-02 10:26:54,452] multiqc                                            [DEBUG  ]  File ignored by longranger/invocation because it exceeded search pattern filesize limit: PanelA_LAB3_LIB2_R3_fastqc.html
[2022-06-02 10:26:54,452] multiqc                                            [DEBUG  ]  File ignored by rockhopper because it exceeded search pattern filesize limit: PanelA_LAB3_LIB2_R3_fastqc.html
[2022-06-02 10:26:54,452] multiqc                                            [DEBUG  ]  File ignored by rseqc/bam_stat because it exceeded search pattern filesize limit: PanelA_LAB3_LIB2_R3_fastqc.html
[2022-06-02 10:26:54,452] multiqc                                            [DEBUG  ]  File ignored by rseqc/junction_annotation because it exceeded search pattern filesize limit: PanelA_LAB3_LIB2_R3_fastqc.html
[2022-06-02 10:26:54,452] multiqc                                            [DEBUG  ]  File ignored by rseqc/read_distribution because it exceeded search pattern filesize limit: PanelA_LAB3_LIB2_R3_fastqc.html
[2022-06-02 10:26:54,452] multiqc                                            [DEBUG  ]  File ignored by rseqc/infer_experiment because it exceeded search pattern filesize limit: PanelA_LAB3_LIB2_R3_fastqc.html
[2022-06-02 10:26:54,520] multiqc                                            [DEBUG  ]  File ignored by nanostat because it exceeded search pattern filesize limit: PanelA_LAB3_LIB2_R3_fastqc.html
[2022-06-02 10:26:54,528] multiqc                                            [DEBUG  ]  File ignored by ccs/v4 because it exceeded search pattern filesize limit: PanelA_LAB3_LIB2_R1_fastqc.html
[2022-06-02 10:26:54,529] multiqc                                            [DEBUG  ]  File ignored by hicexplorer because it exceeded search pattern filesize limit: PanelA_LAB3_LIB2_R1_fastqc.html
[2022-06-02 10:26:54,529] multiqc                                            [DEBUG  ]  File ignored by lima/summary because it exceeded search pattern filesize limit: PanelA_LAB3_LIB2_R1_fastqc.html
[2022-06-02 10:26:54,534] multiqc                                            [DEBUG  ]  File ignored by vep/vep_txt because it exceeded search pattern filesize limit: PanelA_LAB3_LIB2_R1_fastqc.html
[2022-06-02 10:26:54,534] multiqc                                            [DEBUG  ]  File ignored by longranger/invocation because it exceeded search pattern filesize limit: PanelA_LAB3_LIB2_R1_fastqc.html
[2022-06-02 10:26:54,534] multiqc                                            [DEBUG  ]  File ignored by rockhopper because it exceeded search pattern filesize limit: PanelA_LAB3_LIB2_R1_fastqc.html
[2022-06-02 10:26:54,534] multiqc                                            [DEBUG  ]  File ignored by rseqc/bam_stat because it exceeded search pattern filesize limit: PanelA_LAB3_LIB2_R1_fastqc.html
[2022-06-02 10:26:54,534] multiqc                                            [DEBUG  ]  File ignored by rseqc/junction_annotation because it exceeded search pattern filesize limit: PanelA_LAB3_LIB2_R1_fastqc.html
[2022-06-02 10:26:54,534] multiqc                                            [DEBUG  ]  File ignored by rseqc/read_distribution because it exceeded search pattern filesize limit: PanelA_LAB3_LIB2_R1_fastqc.html
[2022-06-02 10:26:54,534] multiqc                                            [DEBUG  ]  File ignored by rseqc/infer_experiment because it exceeded search pattern filesize limit: PanelA_LAB3_LIB2_R1_fastqc.html
[2022-06-02 10:26:54,598] multiqc                                            [DEBUG  ]  File ignored by nanostat because it exceeded search pattern filesize limit: PanelA_LAB3_LIB2_R1_fastqc.html
[2022-06-02 10:26:54,781] multiqc.plots.linegraph                            [DEBUG  ]  Using matplotlib version 3.1.2
[2022-06-02 10:26:54,782] multiqc.plots.bargraph                             [DEBUG  ]  Using matplotlib version 3.1.2
[2022-06-02 10:26:57,829] multiqc.modules.fastqc.fastqc                      [INFO   ]  Found 24 reports
[2022-06-02 10:26:58,300] multiqc                                            [INFO   ]  Compressing plot data
[2022-06-02 10:26:58,755] multiqc                                            [INFO   ]  Report      : reports/multiqc/pre_alignment/PanelA/multiqc_report.html
[2022-06-02 10:26:58,755] multiqc                                            [INFO   ]  Data        : reports/multiqc/pre_alignment/PanelA/multiqc_report_data
[2022-06-02 10:26:58,755] multiqc                                            [DEBUG  ]  Moving data file from '/tmp/tmpxd2xszzf/multiqc_data' to '/home/azureuser/mnt/eric/reports/multiqc/pre_alignment/PanelA/multiqc_report_data'
[2022-06-02 10:26:58,851] multiqc                                            [INFO   ]  MultiQC complete
